#-----------------------------------------------------------
# Vivado v2018.2 (64-bit)
# SW Build 2258646 on Thu Jun 14 20:02:38 MDT 2018
# IP Build 2256618 on Thu Jun 14 22:10:49 MDT 2018
# Start of session at: Thu Aug  2 08:58:03 2018
# Process ID: 2378
# Current directory: /home/jzsmith/git/RedPitaya/fpga
# Command line: vivado -nojournal -mode batch -source red_pitaya_vivado.tcl -tclargs classic
# Log file: /home/jzsmith/git/RedPitaya/fpga/vivado.log
# Journal file: 
#-----------------------------------------------------------
CRITICAL WARNING: [Common 17-741] No write access right to the local Tcl store at '/home/jzsmith/.Xilinx/Vivado/2018.2/XilinxTclStore'. XilinxTclStore is reverted to the installation area. If you want to use local Tcl Store, please change the access right and relaunch Vivado.
source red_pitaya_vivado.tcl
# cd prj/$::argv
# tclapp::install -quiet ultrafast
# set path_brd brd
# set path_rtl rtl
# set path_ip  ip
# set path_sdc sdc
# set path_out out
# set path_sdk sdk
# file mkdir $path_out
# file mkdir $path_sdk
# set_param board.repoPaths [list $path_brd]
# set part xc7z010clg400-1
# create_project -in_memory -part $part
WARNING: [Board 49-91] Board repository path 'brd' does not exist, it will not be used to search board files.
# source                            $path_ip/system.tcl
## namespace eval _tcl {
## proc get_script_folder {} {
##    set script_path [file normalize [info script]]
##    set script_folder [file dirname $script_path]
##    return $script_folder
## }
## }
## variable script_folder
## set script_folder [_tcl::get_script_folder]
## set scripts_vivado_version 2018.2
## set current_vivado_version [version -short]
## if { [string first $scripts_vivado_version $current_vivado_version] == -1 } {
##    puts ""
##    catch {common::send_msg_id "BD_TCL-109" "ERROR" "This script was generated using Vivado <$scripts_vivado_version> and is being run in <$current_vivado_version> of Vivado. Please run the script in Vivado <$scripts_vivado_version> then open the design in Vivado <$current_vivado_version>. Upgrade the design by running \"Tools => Report => Report IP Status...\", then run write_bd_tcl to create an updated script."}
## 
##    return 1
## }
## set list_projs [get_projects -quiet]
## if { $list_projs eq "" } {
##    create_project project_1 myproj -part xc7z010clg400-1
## }
## set design_name system
## set errMsg ""
## set nRet 0
## set cur_design [current_bd_design -quiet]
## set list_cells [get_bd_cells -quiet]
## if { ${design_name} eq "" } {
##    # USE CASES:
##    #    1) Design_name not set
## 
##    set errMsg "Please set the variable <design_name> to a non-empty value."
##    set nRet 1
## 
## } elseif { ${cur_design} ne "" && ${list_cells} eq "" } {
##    # USE CASES:
##    #    2): Current design opened AND is empty AND names same.
##    #    3): Current design opened AND is empty AND names diff; design_name NOT in project.
##    #    4): Current design opened AND is empty AND names diff; design_name exists in project.
## 
##    if { $cur_design ne $design_name } {
##       common::send_msg_id "BD_TCL-001" "INFO" "Changing value of <design_name> from <$design_name> to <$cur_design> since current design is empty."
##       set design_name [get_property NAME $cur_design]
##    }
##    common::send_msg_id "BD_TCL-002" "INFO" "Constructing design in IPI design <$cur_design>..."
## 
## } elseif { ${cur_design} ne "" && $list_cells ne "" && $cur_design eq $design_name } {
##    # USE CASES:
##    #    5) Current design opened AND has components AND same names.
## 
##    set errMsg "Design <$design_name> already exists in your project, please set the variable <design_name> to another value."
##    set nRet 1
## } elseif { [get_files -quiet ${design_name}.bd] ne "" } {
##    # USE CASES: 
##    #    6) Current opened design, has components, but diff names, design_name exists in project.
##    #    7) No opened design, design_name exists in project.
## 
##    set errMsg "Design <$design_name> already exists in your project, please set the variable <design_name> to another value."
##    set nRet 2
## 
## } else {
##    # USE CASES:
##    #    8) No opened design, design_name not in project.
##    #    9) Current opened design, has components, but diff names, design_name not in project.
## 
##    common::send_msg_id "BD_TCL-003" "INFO" "Currently there is no design <$design_name> in project, so creating one..."
## 
##    create_bd_design $design_name
## 
##    common::send_msg_id "BD_TCL-004" "INFO" "Making design <$design_name> as current_bd_design."
##    current_bd_design $design_name
## 
## }
INFO: [BD_TCL-3] Currently there is no design <system> in project, so creating one...
Wrote  : </home/jzsmith/git/RedPitaya/fpga/prj/classic/.srcs/sources_1/bd/system/system.bd> 
INFO: [BD_TCL-4] Making design <system> as current_bd_design.
## common::send_msg_id "BD_TCL-005" "INFO" "Currently the variable <design_name> is equal to \"$design_name\"."
INFO: [BD_TCL-5] Currently the variable <design_name> is equal to "system".
## if { $nRet != 0 } {
##    catch {common::send_msg_id "BD_TCL-114" "ERROR" $errMsg}
##    return $nRet
## }
## proc create_root_design { parentCell } {
## 
##   variable script_folder
## 
##   if { $parentCell eq "" } {
##      set parentCell [get_bd_cells /]
##   }
## 
##   # Get object for parentCell
##   set parentObj [get_bd_cells $parentCell]
##   if { $parentObj == "" } {
##      catch {common::send_msg_id "BD_TCL-100" "ERROR" "Unable to find parent cell <$parentCell>!"}
##      return
##   }
## 
##   # Make sure parentObj is hier blk
##   set parentType [get_property TYPE $parentObj]
##   if { $parentType ne "hier" } {
##      catch {common::send_msg_id "BD_TCL-101" "ERROR" "Parent <$parentObj> has TYPE = <$parentType>. Expected to be <hier>."}
##      return
##   }
## 
##   # Save current instance; Restore later
##   set oldCurInst [current_bd_instance .]
## 
##   # Set parent object as current
##   current_bd_instance $parentObj
## 
## 
##   # Create interface ports
##   set DDR [ create_bd_intf_port -mode Master -vlnv xilinx.com:interface:ddrx_rtl:1.0 DDR ]
##   set FIXED_IO [ create_bd_intf_port -mode Master -vlnv xilinx.com:display_processing_system7:fixedio_rtl:1.0 FIXED_IO ]
##   set GPIO [ create_bd_intf_port -mode Master -vlnv xilinx.com:interface:gpio_rtl:1.0 GPIO ]
##   set M_AXI_GP0 [ create_bd_intf_port -mode Master -vlnv xilinx.com:interface:aximm_rtl:1.0 M_AXI_GP0 ]
##   set_property -dict [ list \
## CONFIG.ADDR_WIDTH {32} \
## CONFIG.DATA_WIDTH {32} \
## CONFIG.FREQ_HZ {125000000} \
## CONFIG.PROTOCOL {AXI3} \
##  ] $M_AXI_GP0
##   set SPI0 [ create_bd_intf_port -mode Master -vlnv xilinx.com:interface:spi_rtl:1.0 SPI0 ]
##   set Vaux0 [ create_bd_intf_port -mode Slave -vlnv xilinx.com:interface:diff_analog_io_rtl:1.0 Vaux0 ]
##   set Vaux1 [ create_bd_intf_port -mode Slave -vlnv xilinx.com:interface:diff_analog_io_rtl:1.0 Vaux1 ]
##   set Vaux8 [ create_bd_intf_port -mode Slave -vlnv xilinx.com:interface:diff_analog_io_rtl:1.0 Vaux8 ]
##   set Vaux9 [ create_bd_intf_port -mode Slave -vlnv xilinx.com:interface:diff_analog_io_rtl:1.0 Vaux9 ]
##   set Vp_Vn [ create_bd_intf_port -mode Slave -vlnv xilinx.com:interface:diff_analog_io_rtl:1.0 Vp_Vn ]
## 
##   # Create ports
##   set FCLK_CLK0 [ create_bd_port -dir O -type clk FCLK_CLK0 ]
##   set FCLK_CLK1 [ create_bd_port -dir O -type clk FCLK_CLK1 ]
##   set FCLK_CLK2 [ create_bd_port -dir O -type clk FCLK_CLK2 ]
##   set FCLK_CLK3 [ create_bd_port -dir O -type clk FCLK_CLK3 ]
##   set FCLK_RESET0_N [ create_bd_port -dir O -type rst FCLK_RESET0_N ]
##   set FCLK_RESET1_N [ create_bd_port -dir O -type rst FCLK_RESET1_N ]
##   set FCLK_RESET2_N [ create_bd_port -dir O -type rst FCLK_RESET2_N ]
##   set FCLK_RESET3_N [ create_bd_port -dir O -type rst FCLK_RESET3_N ]
##   set M_AXI_GP0_ACLK [ create_bd_port -dir I -type clk M_AXI_GP0_ACLK ]
##   set_property -dict [ list \
## CONFIG.ASSOCIATED_BUSIF {M_AXI_GP0} \
## CONFIG.FREQ_HZ {125000000} \
##  ] $M_AXI_GP0_ACLK
## 
##   # Create instance: axi_protocol_converter_0, and set properties
##   set axi_protocol_converter_0 [ create_bd_cell -type ip -vlnv xilinx.com:ip:axi_protocol_converter:2.1 axi_protocol_converter_0 ]
## 
##   # Create instance: proc_sys_reset, and set properties
##   set proc_sys_reset [ create_bd_cell -type ip -vlnv xilinx.com:ip:proc_sys_reset:5.0 proc_sys_reset ]
##   set_property -dict [ list \
## CONFIG.C_EXT_RST_WIDTH {1} \
##  ] $proc_sys_reset
## 
##   # Create instance: processing_system7, and set properties
##   set processing_system7 [ create_bd_cell -type ip -vlnv xilinx.com:ip:processing_system7:5.5 processing_system7 ]
##   set_property -dict [ list \
## CONFIG.PCW_ACT_ENET0_PERIPHERAL_FREQMHZ {125.000000} \
## CONFIG.PCW_ACT_FPGA0_PERIPHERAL_FREQMHZ {125.000000} \
## CONFIG.PCW_ACT_FPGA1_PERIPHERAL_FREQMHZ {250.000000} \
## CONFIG.PCW_ACT_FPGA2_PERIPHERAL_FREQMHZ {50.000000} \
## CONFIG.PCW_ACT_FPGA3_PERIPHERAL_FREQMHZ {200.000000} \
## CONFIG.PCW_ACT_QSPI_PERIPHERAL_FREQMHZ {125.000000} \
## CONFIG.PCW_ACT_SDIO_PERIPHERAL_FREQMHZ {100.000000} \
## CONFIG.PCW_ACT_SPI_PERIPHERAL_FREQMHZ {200.000000} \
## CONFIG.PCW_ACT_UART_PERIPHERAL_FREQMHZ {100.000000} \
## CONFIG.PCW_CLK0_FREQ {125000000} \
## CONFIG.PCW_CLK1_FREQ {250000000} \
## CONFIG.PCW_CLK2_FREQ {50000000} \
## CONFIG.PCW_CLK3_FREQ {200000000} \
## CONFIG.PCW_ENET0_ENET0_IO {MIO 16 .. 27} \
## CONFIG.PCW_ENET0_GRP_MDIO_ENABLE {1} \
## CONFIG.PCW_ENET0_GRP_MDIO_IO {MIO 52 .. 53} \
## CONFIG.PCW_ENET0_PERIPHERAL_CLKSRC {IO PLL} \
## CONFIG.PCW_ENET0_PERIPHERAL_ENABLE {1} \
## CONFIG.PCW_ENET_RESET_ENABLE {1} \
## CONFIG.PCW_ENET_RESET_SELECT {Share reset pin} \
## CONFIG.PCW_EN_CLK1_PORT {1} \
## CONFIG.PCW_EN_CLK2_PORT {1} \
## CONFIG.PCW_EN_CLK3_PORT {1} \
## CONFIG.PCW_EN_EMIO_GPIO {1} \
## CONFIG.PCW_EN_EMIO_SPI0 {1} \
## CONFIG.PCW_EN_EMIO_TTC0 {1} \
## CONFIG.PCW_EN_ENET0 {1} \
## CONFIG.PCW_EN_GPIO {1} \
## CONFIG.PCW_EN_I2C0 {1} \
## CONFIG.PCW_EN_QSPI {1} \
## CONFIG.PCW_EN_RST1_PORT {1} \
## CONFIG.PCW_EN_RST2_PORT {1} \
## CONFIG.PCW_EN_RST3_PORT {1} \
## CONFIG.PCW_EN_SDIO0 {1} \
## CONFIG.PCW_EN_SPI0 {1} \
## CONFIG.PCW_EN_SPI1 {1} \
## CONFIG.PCW_EN_TTC0 {1} \
## CONFIG.PCW_EN_UART0 {1} \
## CONFIG.PCW_EN_UART1 {1} \
## CONFIG.PCW_EN_USB0 {1} \
## CONFIG.PCW_FCLK_CLK1_BUF {TRUE} \
## CONFIG.PCW_FCLK_CLK2_BUF {TRUE} \
## CONFIG.PCW_FCLK_CLK3_BUF {TRUE} \
## CONFIG.PCW_FPGA0_PERIPHERAL_FREQMHZ {125} \
## CONFIG.PCW_FPGA1_PERIPHERAL_FREQMHZ {250} \
## CONFIG.PCW_FPGA3_PERIPHERAL_FREQMHZ {200} \
## CONFIG.PCW_FPGA_FCLK1_ENABLE {1} \
## CONFIG.PCW_FPGA_FCLK2_ENABLE {1} \
## CONFIG.PCW_FPGA_FCLK3_ENABLE {1} \
## CONFIG.PCW_GPIO_EMIO_GPIO_ENABLE {1} \
## CONFIG.PCW_GPIO_EMIO_GPIO_IO {24} \
## CONFIG.PCW_GPIO_EMIO_GPIO_WIDTH {24} \
## CONFIG.PCW_GPIO_MIO_GPIO_ENABLE {1} \
## CONFIG.PCW_GPIO_MIO_GPIO_IO {MIO} \
## CONFIG.PCW_I2C0_I2C0_IO {MIO 50 .. 51} \
## CONFIG.PCW_I2C0_PERIPHERAL_ENABLE {1} \
## CONFIG.PCW_I2C_PERIPHERAL_FREQMHZ {111.111115} \
## CONFIG.PCW_I2C_RESET_ENABLE {1} \
## CONFIG.PCW_I2C_RESET_SELECT {Share reset pin} \
## CONFIG.PCW_IRQ_F2P_INTR {1} \
## CONFIG.PCW_MIO_0_IOTYPE {LVCMOS 3.3V} \
## CONFIG.PCW_MIO_0_PULLUP {enabled} \
## CONFIG.PCW_MIO_0_SLEW {slow} \
## CONFIG.PCW_MIO_10_IOTYPE {LVCMOS 3.3V} \
## CONFIG.PCW_MIO_10_PULLUP {enabled} \
## CONFIG.PCW_MIO_10_SLEW {slow} \
## CONFIG.PCW_MIO_11_IOTYPE {LVCMOS 3.3V} \
## CONFIG.PCW_MIO_11_PULLUP {enabled} \
## CONFIG.PCW_MIO_11_SLEW {slow} \
## CONFIG.PCW_MIO_12_IOTYPE {LVCMOS 3.3V} \
## CONFIG.PCW_MIO_12_PULLUP {enabled} \
## CONFIG.PCW_MIO_12_SLEW {slow} \
## CONFIG.PCW_MIO_13_IOTYPE {LVCMOS 3.3V} \
## CONFIG.PCW_MIO_13_PULLUP {enabled} \
## CONFIG.PCW_MIO_13_SLEW {slow} \
## CONFIG.PCW_MIO_14_IOTYPE {LVCMOS 3.3V} \
## CONFIG.PCW_MIO_14_PULLUP {enabled} \
## CONFIG.PCW_MIO_14_SLEW {slow} \
## CONFIG.PCW_MIO_15_IOTYPE {LVCMOS 3.3V} \
## CONFIG.PCW_MIO_15_PULLUP {enabled} \
## CONFIG.PCW_MIO_15_SLEW {slow} \
## CONFIG.PCW_MIO_16_IOTYPE {LVCMOS 2.5V} \
## CONFIG.PCW_MIO_16_PULLUP {disabled} \
## CONFIG.PCW_MIO_16_SLEW {fast} \
## CONFIG.PCW_MIO_17_IOTYPE {LVCMOS 2.5V} \
## CONFIG.PCW_MIO_17_PULLUP {disabled} \
## CONFIG.PCW_MIO_17_SLEW {fast} \
## CONFIG.PCW_MIO_18_IOTYPE {LVCMOS 2.5V} \
## CONFIG.PCW_MIO_18_PULLUP {disabled} \
## CONFIG.PCW_MIO_18_SLEW {fast} \
## CONFIG.PCW_MIO_19_IOTYPE {LVCMOS 2.5V} \
## CONFIG.PCW_MIO_19_PULLUP {disabled} \
## CONFIG.PCW_MIO_19_SLEW {fast} \
## CONFIG.PCW_MIO_1_IOTYPE {LVCMOS 3.3V} \
## CONFIG.PCW_MIO_1_PULLUP {enabled} \
## CONFIG.PCW_MIO_1_SLEW {slow} \
## CONFIG.PCW_MIO_20_IOTYPE {LVCMOS 2.5V} \
## CONFIG.PCW_MIO_20_PULLUP {disabled} \
## CONFIG.PCW_MIO_20_SLEW {fast} \
## CONFIG.PCW_MIO_21_IOTYPE {LVCMOS 2.5V} \
## CONFIG.PCW_MIO_21_PULLUP {disabled} \
## CONFIG.PCW_MIO_21_SLEW {fast} \
## CONFIG.PCW_MIO_22_IOTYPE {LVCMOS 2.5V} \
## CONFIG.PCW_MIO_22_PULLUP {disabled} \
## CONFIG.PCW_MIO_22_SLEW {fast} \
## CONFIG.PCW_MIO_23_IOTYPE {LVCMOS 2.5V} \
## CONFIG.PCW_MIO_23_PULLUP {disabled} \
## CONFIG.PCW_MIO_23_SLEW {fast} \
## CONFIG.PCW_MIO_24_IOTYPE {LVCMOS 2.5V} \
## CONFIG.PCW_MIO_24_PULLUP {disabled} \
## CONFIG.PCW_MIO_24_SLEW {fast} \
## CONFIG.PCW_MIO_25_IOTYPE {LVCMOS 2.5V} \
## CONFIG.PCW_MIO_25_PULLUP {disabled} \
## CONFIG.PCW_MIO_25_SLEW {fast} \
## CONFIG.PCW_MIO_26_IOTYPE {LVCMOS 2.5V} \
## CONFIG.PCW_MIO_26_PULLUP {disabled} \
## CONFIG.PCW_MIO_26_SLEW {fast} \
## CONFIG.PCW_MIO_27_IOTYPE {LVCMOS 2.5V} \
## CONFIG.PCW_MIO_27_PULLUP {disabled} \
## CONFIG.PCW_MIO_27_SLEW {fast} \
## CONFIG.PCW_MIO_28_IOTYPE {LVCMOS 2.5V} \
## CONFIG.PCW_MIO_28_PULLUP {disabled} \
## CONFIG.PCW_MIO_28_SLEW {fast} \
## CONFIG.PCW_MIO_29_IOTYPE {LVCMOS 2.5V} \
## CONFIG.PCW_MIO_29_PULLUP {disabled} \
## CONFIG.PCW_MIO_29_SLEW {fast} \
## CONFIG.PCW_MIO_2_IOTYPE {LVCMOS 3.3V} \
## CONFIG.PCW_MIO_2_SLEW {slow} \
## CONFIG.PCW_MIO_30_IOTYPE {LVCMOS 2.5V} \
## CONFIG.PCW_MIO_30_PULLUP {disabled} \
## CONFIG.PCW_MIO_30_SLEW {fast} \
## CONFIG.PCW_MIO_31_IOTYPE {LVCMOS 2.5V} \
## CONFIG.PCW_MIO_31_PULLUP {disabled} \
## CONFIG.PCW_MIO_31_SLEW {fast} \
## CONFIG.PCW_MIO_32_IOTYPE {LVCMOS 2.5V} \
## CONFIG.PCW_MIO_32_PULLUP {disabled} \
## CONFIG.PCW_MIO_32_SLEW {fast} \
## CONFIG.PCW_MIO_33_IOTYPE {LVCMOS 2.5V} \
## CONFIG.PCW_MIO_33_PULLUP {disabled} \
## CONFIG.PCW_MIO_33_SLEW {fast} \
## CONFIG.PCW_MIO_34_IOTYPE {LVCMOS 2.5V} \
## CONFIG.PCW_MIO_34_PULLUP {disabled} \
## CONFIG.PCW_MIO_34_SLEW {fast} \
## CONFIG.PCW_MIO_35_IOTYPE {LVCMOS 2.5V} \
## CONFIG.PCW_MIO_35_PULLUP {disabled} \
## CONFIG.PCW_MIO_35_SLEW {fast} \
## CONFIG.PCW_MIO_36_IOTYPE {LVCMOS 2.5V} \
## CONFIG.PCW_MIO_36_PULLUP {disabled} \
## CONFIG.PCW_MIO_36_SLEW {fast} \
## CONFIG.PCW_MIO_37_IOTYPE {LVCMOS 2.5V} \
## CONFIG.PCW_MIO_37_PULLUP {disabled} \
## CONFIG.PCW_MIO_37_SLEW {fast} \
## CONFIG.PCW_MIO_38_IOTYPE {LVCMOS 2.5V} \
## CONFIG.PCW_MIO_38_PULLUP {disabled} \
## CONFIG.PCW_MIO_38_SLEW {fast} \
## CONFIG.PCW_MIO_39_IOTYPE {LVCMOS 2.5V} \
## CONFIG.PCW_MIO_39_PULLUP {disabled} \
## CONFIG.PCW_MIO_39_SLEW {fast} \
## CONFIG.PCW_MIO_3_IOTYPE {LVCMOS 3.3V} \
## CONFIG.PCW_MIO_3_SLEW {slow} \
## CONFIG.PCW_MIO_40_IOTYPE {LVCMOS 2.5V} \
## CONFIG.PCW_MIO_40_PULLUP {enabled} \
## CONFIG.PCW_MIO_40_SLEW {slow} \
## CONFIG.PCW_MIO_41_IOTYPE {LVCMOS 2.5V} \
## CONFIG.PCW_MIO_41_PULLUP {enabled} \
## CONFIG.PCW_MIO_41_SLEW {slow} \
## CONFIG.PCW_MIO_42_IOTYPE {LVCMOS 2.5V} \
## CONFIG.PCW_MIO_42_PULLUP {enabled} \
## CONFIG.PCW_MIO_42_SLEW {slow} \
## CONFIG.PCW_MIO_43_IOTYPE {LVCMOS 2.5V} \
## CONFIG.PCW_MIO_43_PULLUP {enabled} \
## CONFIG.PCW_MIO_43_SLEW {slow} \
## CONFIG.PCW_MIO_44_IOTYPE {LVCMOS 2.5V} \
## CONFIG.PCW_MIO_44_PULLUP {enabled} \
## CONFIG.PCW_MIO_44_SLEW {slow} \
## CONFIG.PCW_MIO_45_IOTYPE {LVCMOS 2.5V} \
## CONFIG.PCW_MIO_45_PULLUP {enabled} \
## CONFIG.PCW_MIO_45_SLEW {slow} \
## CONFIG.PCW_MIO_46_IOTYPE {LVCMOS 2.5V} \
## CONFIG.PCW_MIO_46_PULLUP {enabled} \
## CONFIG.PCW_MIO_46_SLEW {slow} \
## CONFIG.PCW_MIO_47_IOTYPE {LVCMOS 2.5V} \
## CONFIG.PCW_MIO_47_PULLUP {enabled} \
## CONFIG.PCW_MIO_47_SLEW {slow} \
## CONFIG.PCW_MIO_48_IOTYPE {LVCMOS 2.5V} \
## CONFIG.PCW_MIO_48_PULLUP {enabled} \
## CONFIG.PCW_MIO_48_SLEW {slow} \
## CONFIG.PCW_MIO_49_IOTYPE {LVCMOS 2.5V} \
## CONFIG.PCW_MIO_49_PULLUP {enabled} \
## CONFIG.PCW_MIO_49_SLEW {slow} \
## CONFIG.PCW_MIO_4_IOTYPE {LVCMOS 3.3V} \
## CONFIG.PCW_MIO_4_SLEW {slow} \
## CONFIG.PCW_MIO_50_IOTYPE {LVCMOS 2.5V} \
## CONFIG.PCW_MIO_50_PULLUP {enabled} \
## CONFIG.PCW_MIO_50_SLEW {slow} \
## CONFIG.PCW_MIO_51_IOTYPE {LVCMOS 2.5V} \
## CONFIG.PCW_MIO_51_PULLUP {enabled} \
## CONFIG.PCW_MIO_51_SLEW {slow} \
## CONFIG.PCW_MIO_52_IOTYPE {LVCMOS 2.5V} \
## CONFIG.PCW_MIO_52_PULLUP {enabled} \
## CONFIG.PCW_MIO_52_SLEW {slow} \
## CONFIG.PCW_MIO_53_IOTYPE {LVCMOS 2.5V} \
## CONFIG.PCW_MIO_53_PULLUP {enabled} \
## CONFIG.PCW_MIO_53_SLEW {slow} \
## CONFIG.PCW_MIO_5_IOTYPE {LVCMOS 3.3V} \
## CONFIG.PCW_MIO_5_SLEW {slow} \
## CONFIG.PCW_MIO_6_IOTYPE {LVCMOS 3.3V} \
## CONFIG.PCW_MIO_6_SLEW {slow} \
## CONFIG.PCW_MIO_7_IOTYPE {LVCMOS 3.3V} \
## CONFIG.PCW_MIO_7_SLEW {slow} \
## CONFIG.PCW_MIO_8_IOTYPE {LVCMOS 3.3V} \
## CONFIG.PCW_MIO_8_SLEW {slow} \
## CONFIG.PCW_MIO_9_IOTYPE {LVCMOS 3.3V} \
## CONFIG.PCW_MIO_9_PULLUP {enabled} \
## CONFIG.PCW_MIO_9_SLEW {slow} \
## CONFIG.PCW_MIO_TREE_PERIPHERALS {GPIO#Quad SPI Flash#Quad SPI Flash#Quad SPI Flash#Quad SPI Flash#Quad SPI Flash#Quad SPI Flash#GPIO#UART 1#UART 1#SPI 1#SPI 1#SPI 1#SPI 1#UART 0#UART 0#Enet 0#Enet 0#Enet 0#Enet 0#Enet 0#Enet 0#Enet 0#Enet 0#Enet 0#Enet 0#Enet 0#Enet 0#USB 0#USB 0#USB 0#USB 0#USB 0#USB 0#USB 0#USB 0#USB 0#USB 0#USB 0#USB 0#SD 0#SD 0#SD 0#SD 0#SD 0#SD 0#SD 0#SD 0#USB Reset#GPIO#I2C 0#I2C 0#Enet 0#Enet 0} \
## CONFIG.PCW_MIO_TREE_SIGNALS {gpio[0]#qspi0_ss_b#qspi0_io[0]#qspi0_io[1]#qspi0_io[2]#qspi0_io[3]#qspi0_sclk#gpio[7]#tx#rx#mosi#miso#sclk#ss[0]#rx#tx#tx_clk#txd[0]#txd[1]#txd[2]#txd[3]#tx_ctl#rx_clk#rxd[0]#rxd[1]#rxd[2]#rxd[3]#rx_ctl#data[4]#dir#stp#nxt#data[0]#data[1]#data[2]#data[3]#clk#data[5]#data[6]#data[7]#clk#cmd#data[0]#data[1]#data[2]#data[3]#cd#wp#reset#gpio[49]#scl#sda#mdc#mdio} \
## CONFIG.PCW_PRESET_BANK1_VOLTAGE {LVCMOS 2.5V} \
## CONFIG.PCW_QSPI_GRP_SINGLE_SS_ENABLE {1} \
## CONFIG.PCW_QSPI_GRP_SINGLE_SS_IO {MIO 1 .. 6} \
## CONFIG.PCW_QSPI_PERIPHERAL_CLKSRC {IO PLL} \
## CONFIG.PCW_QSPI_PERIPHERAL_ENABLE {1} \
## CONFIG.PCW_QSPI_PERIPHERAL_FREQMHZ {125} \
## CONFIG.PCW_QSPI_QSPI_IO {MIO 1 .. 6} \
## CONFIG.PCW_SD0_GRP_CD_ENABLE {1} \
## CONFIG.PCW_SD0_GRP_CD_IO {MIO 46} \
## CONFIG.PCW_SD0_GRP_WP_ENABLE {1} \
## CONFIG.PCW_SD0_GRP_WP_IO {MIO 47} \
## CONFIG.PCW_SD0_PERIPHERAL_ENABLE {1} \
## CONFIG.PCW_SD0_SD0_IO {MIO 40 .. 45} \
## CONFIG.PCW_SDIO_PERIPHERAL_VALID {1} \
## CONFIG.PCW_SPI0_PERIPHERAL_ENABLE {1} \
## CONFIG.PCW_SPI0_SPI0_IO {EMIO} \
## CONFIG.PCW_SPI1_PERIPHERAL_ENABLE {1} \
## CONFIG.PCW_SPI1_SPI1_IO {MIO 10 .. 15} \
## CONFIG.PCW_SPI_PERIPHERAL_FREQMHZ {200} \
## CONFIG.PCW_SPI_PERIPHERAL_VALID {1} \
## CONFIG.PCW_TTC0_PERIPHERAL_ENABLE {1} \
## CONFIG.PCW_TTC0_TTC0_IO {EMIO} \
## CONFIG.PCW_UART0_PERIPHERAL_ENABLE {1} \
## CONFIG.PCW_UART0_UART0_IO {MIO 14 .. 15} \
## CONFIG.PCW_UART1_PERIPHERAL_ENABLE {1} \
## CONFIG.PCW_UART1_UART1_IO {MIO 8 .. 9} \
## CONFIG.PCW_UART_PERIPHERAL_VALID {1} \
## CONFIG.PCW_UIPARAM_DDR_BUS_WIDTH {16 Bit} \
## CONFIG.PCW_UIPARAM_DDR_PARTNO {MT41J256M16 RE-125} \
## CONFIG.PCW_USB0_PERIPHERAL_ENABLE {1} \
## CONFIG.PCW_USB0_RESET_ENABLE {1} \
## CONFIG.PCW_USB0_RESET_IO {MIO 48} \
## CONFIG.PCW_USB0_USB0_IO {MIO 28 .. 39} \
## CONFIG.PCW_USB_RESET_ENABLE {1} \
## CONFIG.PCW_USB_RESET_SELECT {Share reset pin} \
## CONFIG.PCW_USE_FABRIC_INTERRUPT {1} \
## CONFIG.PCW_USE_M_AXI_GP1 {1} \
## CONFIG.PCW_USE_S_AXI_HP0 {0} \
## CONFIG.PCW_USE_S_AXI_HP1 {0} \
##  ] $processing_system7
## 
##   # Create instance: xadc, and set properties
##   set xadc [ create_bd_cell -type ip -vlnv xilinx.com:ip:xadc_wiz:3.3 xadc ]
##   set_property -dict [ list \
## CONFIG.CHANNEL_ENABLE_VAUXP0_VAUXN0 {true} \
## CONFIG.CHANNEL_ENABLE_VAUXP1_VAUXN1 {true} \
## CONFIG.CHANNEL_ENABLE_VAUXP8_VAUXN8 {true} \
## CONFIG.CHANNEL_ENABLE_VAUXP9_VAUXN9 {true} \
## CONFIG.CHANNEL_ENABLE_VP_VN {true} \
## CONFIG.ENABLE_AXI4STREAM {false} \
## CONFIG.ENABLE_RESET {false} \
## CONFIG.EXTERNAL_MUX_CHANNEL {VP_VN} \
## CONFIG.INTERFACE_SELECTION {Enable_AXI} \
## CONFIG.SEQUENCER_MODE {Off} \
## CONFIG.SINGLE_CHANNEL_SELECTION {TEMPERATURE} \
## CONFIG.XADC_STARUP_SELECTION {independent_adc} \
##  ] $xadc
## 
##   # Create instance: xlconstant, and set properties
##   set xlconstant [ create_bd_cell -type ip -vlnv xilinx.com:ip:xlconstant:1.1 xlconstant ]
## 
##   # Create interface connections
##   connect_bd_intf_net -intf_net Vaux0_1 [get_bd_intf_ports Vaux0] [get_bd_intf_pins xadc/Vaux0]
##   connect_bd_intf_net -intf_net Vaux1_1 [get_bd_intf_ports Vaux1] [get_bd_intf_pins xadc/Vaux1]
##   connect_bd_intf_net -intf_net Vaux8_1 [get_bd_intf_ports Vaux8] [get_bd_intf_pins xadc/Vaux8]
##   connect_bd_intf_net -intf_net Vaux9_1 [get_bd_intf_ports Vaux9] [get_bd_intf_pins xadc/Vaux9]
##   connect_bd_intf_net -intf_net Vp_Vn_1 [get_bd_intf_ports Vp_Vn] [get_bd_intf_pins xadc/Vp_Vn]
##   connect_bd_intf_net -intf_net axi_protocol_converter_0_M_AXI [get_bd_intf_pins axi_protocol_converter_0/M_AXI] [get_bd_intf_pins xadc/s_axi_lite]
##   connect_bd_intf_net -intf_net processing_system7_0_M_AXI_GP0 [get_bd_intf_ports M_AXI_GP0] [get_bd_intf_pins processing_system7/M_AXI_GP0]
##   connect_bd_intf_net -intf_net processing_system7_0_M_AXI_GP1 [get_bd_intf_pins axi_protocol_converter_0/S_AXI] [get_bd_intf_pins processing_system7/M_AXI_GP1]
##   connect_bd_intf_net -intf_net processing_system7_0_ddr [get_bd_intf_ports DDR] [get_bd_intf_pins processing_system7/DDR]
##   connect_bd_intf_net -intf_net processing_system7_0_fixed_io [get_bd_intf_ports FIXED_IO] [get_bd_intf_pins processing_system7/FIXED_IO]
##   connect_bd_intf_net -intf_net processing_system7_GPIO_0 [get_bd_intf_ports GPIO] [get_bd_intf_pins processing_system7/GPIO_0]
##   connect_bd_intf_net -intf_net processing_system7_SPI_0 [get_bd_intf_ports SPI0] [get_bd_intf_pins processing_system7/SPI_0]
## 
##   # Create port connections
##   connect_bd_net -net m_axi_gp0_aclk_1 [get_bd_ports M_AXI_GP0_ACLK] [get_bd_pins processing_system7/M_AXI_GP0_ACLK]
##   connect_bd_net -net proc_sys_reset_0_interconnect_aresetn [get_bd_pins axi_protocol_converter_0/aresetn] [get_bd_pins proc_sys_reset/interconnect_aresetn]
##   connect_bd_net -net proc_sys_reset_0_peripheral_aresetn [get_bd_pins proc_sys_reset/peripheral_aresetn] [get_bd_pins xadc/s_axi_aresetn]
##   connect_bd_net -net processing_system7_0_fclk_clk0 [get_bd_ports FCLK_CLK0] [get_bd_pins processing_system7/FCLK_CLK0]
##   connect_bd_net -net processing_system7_0_fclk_clk1 [get_bd_ports FCLK_CLK1] [get_bd_pins processing_system7/FCLK_CLK1]
##   connect_bd_net -net processing_system7_0_fclk_clk2 [get_bd_ports FCLK_CLK2] [get_bd_pins processing_system7/FCLK_CLK2]
##   connect_bd_net -net processing_system7_0_fclk_clk3 [get_bd_ports FCLK_CLK3] [get_bd_pins axi_protocol_converter_0/aclk] [get_bd_pins proc_sys_reset/slowest_sync_clk] [get_bd_pins processing_system7/FCLK_CLK3] [get_bd_pins processing_system7/M_AXI_GP1_ACLK] [get_bd_pins xadc/s_axi_aclk]
##   connect_bd_net -net processing_system7_0_fclk_reset0_n [get_bd_ports FCLK_RESET0_N] [get_bd_pins processing_system7/FCLK_RESET0_N]
##   connect_bd_net -net processing_system7_0_fclk_reset1_n [get_bd_ports FCLK_RESET1_N] [get_bd_pins processing_system7/FCLK_RESET1_N]
##   connect_bd_net -net processing_system7_0_fclk_reset2_n [get_bd_ports FCLK_RESET2_N] [get_bd_pins processing_system7/FCLK_RESET2_N]
##   connect_bd_net -net processing_system7_0_fclk_reset3_n [get_bd_ports FCLK_RESET3_N] [get_bd_pins proc_sys_reset/ext_reset_in] [get_bd_pins processing_system7/FCLK_RESET3_N]
##   connect_bd_net -net xadc_ip2intc_irpt [get_bd_pins processing_system7/IRQ_F2P] [get_bd_pins xadc/ip2intc_irpt]
##   connect_bd_net -net xlconstant_dout [get_bd_pins proc_sys_reset/aux_reset_in] [get_bd_pins xlconstant/dout]
## 
##   # Create address segments
##   create_bd_addr_seg -range 0x40000000 -offset 0x40000000 [get_bd_addr_spaces processing_system7/Data] [get_bd_addr_segs M_AXI_GP0/Reg] SEG_system_Reg
##   create_bd_addr_seg -range 0x00010000 -offset 0x83C00000 [get_bd_addr_spaces processing_system7/Data] [get_bd_addr_segs xadc/s_axi_lite/Reg] SEG_xadc_Reg
## 
## 
##   # Restore current instance
##   current_bd_instance $oldCurInst
## 
##   save_bd_design
## }
## create_root_design ""
INFO: [Device 21-403] Loading part xc7z010clg400-1
create_bd_cell: Time (s): cpu = 00:00:04 ; elapsed = 00:00:21 . Memory (MB): peak = 1470.586 ; gain = 138.562 ; free physical = 1411 ; free virtual = 4903
Wrote  : </home/jzsmith/git/RedPitaya/fpga/prj/classic/.srcs/sources_1/bd/system/system.bd> 
# generate_target all [get_files    system.bd]
WARNING: [#UNDEF] When using EMIO pins for SPI_0 tie SSIN High in the PL bitstream
Wrote  : </home/jzsmith/git/RedPitaya/fpga/prj/classic/.srcs/sources_1/bd/system/system.bd> 
VHDL Output written to : /home/jzsmith/git/RedPitaya/fpga/prj/classic/.srcs/sources_1/bd/system/synth/system.v
VHDL Output written to : /home/jzsmith/git/RedPitaya/fpga/prj/classic/.srcs/sources_1/bd/system/sim/system.v
VHDL Output written to : /home/jzsmith/git/RedPitaya/fpga/prj/classic/.srcs/sources_1/bd/system/hdl/system_wrapper.v
WARNING: [IP_Flow 19-4994] Overwriting existing constraint file '/home/jzsmith/git/RedPitaya/fpga/prj/classic/.srcs/sources_1/bd/system/ip/system_axi_protocol_converter_0_0_38/system_axi_protocol_converter_0_0_ooc.xdc'
INFO: [BD 41-1029] Generation completed for the IP Integrator block axi_protocol_converter_0 .
INFO: [BD 41-1029] Generation completed for the IP Integrator block proc_sys_reset .
INFO: [BD 41-1029] Generation completed for the IP Integrator block processing_system7 .
INFO: [BD 41-1029] Generation completed for the IP Integrator block xadc .
INFO: [BD 41-1029] Generation completed for the IP Integrator block xlconstant .
Exporting to file /home/jzsmith/git/RedPitaya/fpga/prj/classic/.srcs/sources_1/bd/system/hw_handoff/system.hwh
Generated Block Design Tcl file /home/jzsmith/git/RedPitaya/fpga/prj/classic/.srcs/sources_1/bd/system/hw_handoff/system_bd.tcl
Generated Hardware Definition File /home/jzsmith/git/RedPitaya/fpga/prj/classic/.srcs/sources_1/bd/system/synth/system.hwdef
generate_target: Time (s): cpu = 00:00:16 ; elapsed = 00:00:18 . Memory (MB): peak = 1564.637 ; gain = 83.191 ; free physical = 1318 ; free virtual = 4835
# write_hwdef -force       -file    $path_sdk/red_pitaya.hwdef
# add_files -quiet                  [glob -nocomplain ../../$path_rtl/*_pkg.sv]
# add_files -quiet                  [glob -nocomplain       $path_rtl/*_pkg.sv]
# add_files                         ../../$path_rtl
WARNING: [filemgmt 56-12] File '/home/jzsmith/git/RedPitaya/fpga/rtl/evn_pkg.sv' cannot be added to the project because it already exists in the project, skipping this file
# add_files                               $path_rtl
# read_xdc                          ../../$path_sdc/red_pitaya.xdc
# set gith [exec git log -1 --format="%H"]
# set_property generic "GITH=160'h$gith" [current_fileset]
# synth_design -top red_pitaya_top -flatten_hierarchy none -bufg 16 -keep_equivalent_registers
Command: synth_design -top red_pitaya_top -flatten_hierarchy none -bufg 16 -keep_equivalent_registers
Starting synth_design
Using part: xc7z010clg400-1
Attempting to get a license for feature 'Synthesis' and/or device 'xc7z010'
INFO: [Common 17-349] Got license for feature 'Synthesis' and/or device 'xc7z010'
INFO: Launching helper process for spawning children vivado processes
INFO: Helper process launched with PID 2390 
WARNING: [Synth 8-2135] illegal format specifier p for display [/home/jzsmith/git/RedPitaya/fpga/rtl/red_pitaya_scope_tb.sv:182]
WARNING: [Synth 8-2135] illegal format specifier p for display [/home/jzsmith/git/RedPitaya/fpga/rtl/red_pitaya_scope_tb.sv:183]
WARNING: [Synth 8-2135] illegal format specifier p for display [/home/jzsmith/git/RedPitaya/fpga/rtl/red_pitaya_scope_tb.sv:184]
ERROR: [Synth 8-1031] m_avg is not declared [/home/jzsmith/git/RedPitaya/fpga/prj/classic/rtl/red_pitaya_top.sv:360]
ERROR: [Synth 8-1031] m_avg_sum is not declared [/home/jzsmith/git/RedPitaya/fpga/prj/classic/rtl/red_pitaya_top.sv:361]
INFO: [Synth 8-2350] module red_pitaya_top ignored due to previous errors [/home/jzsmith/git/RedPitaya/fpga/prj/classic/rtl/red_pitaya_top.sv:52]
Failed to read verilog '/home/jzsmith/git/RedPitaya/fpga/prj/classic/rtl/red_pitaya_top.sv'
INFO: [Common 17-83] Releasing license: Synthesis
3 Infos, 3 Warnings, 0 Critical Warnings and 3 Errors encountered.
synth_design failed
ERROR: [Common 17-69] Command failed: Synthesis failed - please see the console or run log file for details
INFO: [Common 17-206] Exiting Vivado at Thu Aug  2 08:59:10 2018...
