Copyright 1986-2018 Xilinx, Inc. All Rights Reserved.
----------------------------------------------------------------------------------------------------------------
| Tool Version : Vivado v.2018.2 (lin64) Build 2258646 Thu Jun 14 20:02:38 MDT 2018
| Date         : Mon Jul 30 15:58:38 2018
| Host         : jzsmith-VirtualBox running 64-bit Ubuntu 18.04 LTS
| Command      : report_timing -file out/post_route_timing.rpt -sort_by group -max_paths 100 -path_type summary
| Design       : red_pitaya_top
| Device       : 7z010-clg400
| Speed File   : -1  PRODUCTION 1.11 2014-09-11
----------------------------------------------------------------------------------------------------------------

Timing Report

Startpoint                     Endpoint                       Slack(ns)     
----------------------------------------------------------------------------
i_scope/set_a_filt_aa_reg[12]/C
                               i_scope/i_dfilt1_cha/aa_mult/A[22]
                                                              -1.734        
i_scope/set_a_filt_aa_reg[12]/C
                               i_scope/i_dfilt1_cha/aa_mult/A[23]
                                                              -1.734        
i_scope/set_a_filt_aa_reg[12]/C
                               i_scope/i_dfilt1_cha/aa_mult/A[24]
                                                              -1.730        
i_scope/set_a_filt_aa_reg[12]/C
                               i_scope/i_dfilt1_cha/aa_mult/A[21]
                                                              -1.701        
i_scope/set_a_filt_aa_reg[12]/C
                               i_scope/i_dfilt1_cha/aa_mult/A[28]
                                                              -1.692        
i_scope/set_a_filt_aa_reg[12]/C
                               i_scope/i_dfilt1_cha/aa_mult/A[29]
                                                              -1.692        
i_scope/set_a_filt_aa_reg[12]/C
                               i_scope/i_dfilt1_cha/aa_mult/A[20]
                                                              -1.692        
i_scope/set_a_filt_aa_reg[12]/C
                               i_scope/i_dfilt1_cha/aa_mult/A[25]
                                                              -1.681        
i_scope/set_a_filt_aa_reg[12]/C
                               i_scope/i_dfilt1_cha/aa_mult/A[26]
                                                              -1.681        
i_scope/set_b_filt_aa_reg[0]/C i_scope/i_dfilt1_chb/aa_mult/A[23]
                                                              -1.607        
i_scope/set_a_filt_aa_reg[12]/C
                               i_scope/i_dfilt1_cha/aa_mult/A[27]
                                                              -1.540        
i_scope/set_a_filt_aa_reg[12]/C
                               i_scope/i_dfilt1_cha/aa_mult/A[17]
                                                              -1.538        
i_scope/set_b_filt_aa_reg[0]/C i_scope/i_dfilt1_chb/aa_mult/A[28]
                                                              -1.526        
i_scope/set_b_filt_aa_reg[0]/C i_scope/i_dfilt1_chb/aa_mult/A[29]
                                                              -1.526        
i_scope/set_b_filt_aa_reg[0]/C i_scope/i_dfilt1_chb/aa_mult/A[21]
                                                              -1.482        
i_scope/set_b_filt_aa_reg[0]/C i_scope/i_dfilt1_chb/aa_mult/A[24]
                                                              -1.467        
i_scope/set_b_filt_aa_reg[0]/C i_scope/i_dfilt1_chb/aa_mult/A[25]
                                                              -1.467        
i_scope/set_b_filt_aa_reg[0]/C i_scope/i_dfilt1_chb/aa_mult/A[26]
                                                              -1.467        
i_scope/set_b_filt_aa_reg[0]/C i_scope/i_dfilt1_chb/aa_mult/A[27]
                                                              -1.467        
i_scope/set_b_filt_aa_reg[0]/C i_scope/i_dfilt1_chb/aa_mult/A[22]
                                                              -1.430        
i_scope/set_b_filt_aa_reg[0]/C i_scope/i_dfilt1_chb/aa_mult/A[20]
                                                              -1.367        
i_scope/set_b_filt_aa_reg[0]/C i_scope/i_dfilt1_chb/aa_mult/A[19]
                                                              -1.336        
i_scope/set_a_filt_aa_reg[12]/C
                               i_scope/i_dfilt1_cha/aa_mult/A[18]
                                                              -1.314        
i_scope/set_b_filt_aa_reg[0]/C i_scope/i_dfilt1_chb/aa_mult/A[17]
                                                              -1.309        
i_scope/set_a_filt_aa_reg[12]/C
                               i_scope/i_dfilt1_cha/aa_mult/A[13]
                                                              -1.295        
i_scope/set_a_filt_aa_reg[12]/C
                               i_scope/i_dfilt1_cha/aa_mult/A[16]
                                                              -1.293        
i_scope/set_a_filt_aa_reg[12]/C
                               i_scope/i_dfilt1_cha/aa_mult/A[19]
                                                              -1.279        
i_scope/set_a_filt_aa_reg[12]/C
                               i_scope/i_dfilt1_cha/aa_mult/A[8]
                                                              -1.270        
i_scope/set_b_filt_aa_reg[0]/C i_scope/i_dfilt1_chb/aa_mult/A[14]
                                                              -1.270        
i_scope/set_a_filt_aa_reg[12]/C
                               i_scope/i_dfilt1_cha/aa_mult/A[1]
                                                              -1.267        
i_scope/set_a_filt_aa_reg[12]/C
                               i_scope/i_dfilt1_cha/aa_mult/A[12]
                                                              -1.252        
i_scope/set_a_filt_aa_reg[12]/C
                               i_scope/i_dfilt1_cha/aa_mult/A[10]
                                                              -1.247        
i_scope/set_a_filt_aa_reg[12]/C
                               i_scope/i_dfilt1_cha/aa_mult/A[9]
                                                              -1.241        
i_scope/set_b_filt_aa_reg[0]/C i_scope/i_dfilt1_chb/aa_mult/A[9]
                                                              -1.220        
i_scope/set_a_filt_aa_reg[12]/C
                               i_scope/i_dfilt1_cha/aa_mult/A[14]
                                                              -1.205        
i_scope/set_b_filt_aa_reg[0]/C i_scope/i_dfilt1_chb/aa_mult/A[10]
                                                              -1.188        
i_scope/set_a_filt_aa_reg[12]/C
                               i_scope/i_dfilt1_cha/aa_mult/A[7]
                                                              -1.188        
i_scope/set_b_filt_aa_reg[0]/C i_scope/i_dfilt1_chb/aa_mult/A[13]
                                                              -1.186        
i_scope/set_a_filt_aa_reg[12]/C
                               i_scope/i_dfilt1_cha/aa_mult/A[5]
                                                              -1.174        
ps/axi_slave_gp0/wr_wdata_reg[11]/C
                               i_asg/ch[0]/dac_buf_reg_5/DIADI[1]
                                                              -1.173        
i_scope/set_a_filt_aa_reg[12]/C
                               i_scope/i_dfilt1_cha/aa_mult/A[11]
                                                              -1.170        
i_scope/set_a_filt_aa_reg[12]/C
                               i_scope/i_dfilt1_cha/aa_mult/A[6]
                                                              -1.161        
i_scope/set_a_filt_aa_reg[12]/C
                               i_scope/i_dfilt1_cha/aa_mult/A[15]
                                                              -1.146        
i_scope/set_a_filt_aa_reg[12]/C
                               i_scope/i_dfilt1_cha/aa_mult/A[0]
                                                              -1.144        
i_scope/set_b_filt_aa_reg[0]/C i_scope/i_dfilt1_chb/aa_mult/A[8]
                                                              -1.138        
i_scope/set_b_filt_aa_reg[0]/C i_scope/i_dfilt1_chb/aa_mult/A[5]
                                                              -1.123        
i_scope/set_b_filt_aa_reg[0]/C i_scope/i_dfilt1_chb/aa_mult/A[16]
                                                              -1.108        
i_asg/ch[1]/dac_o_reg[0]/C     i_pid/i_pid22/kd_mult/A[16]    -1.080        
i_scope/set_b_filt_aa_reg[0]/C i_scope/i_dfilt1_chb/aa_mult/A[18]
                                                              -1.074        
i_asg/ch[0]/dac_o_reg[4]/C     i_pid/i_pid11/kp_mult/A[29]    -1.054        
i_asg/ch[0]/dac_o_reg[4]/C     i_pid/i_pid11/kp_mult/A[28]    -1.045        
i_asg/ch[1]/dac_o_reg[0]/C     i_pid/i_pid22/kp_mult/A[20]    -1.037        
i_asg/ch[1]/dac_o_reg[0]/C     i_pid/i_pid22/kp_mult/A[21]    -1.037        
i_asg/ch[1]/dac_o_reg[0]/C     i_pid/i_pid22/kp_mult/A[22]    -1.037        
i_asg/ch[1]/dac_o_reg[0]/C     i_pid/i_pid22/kp_mult/A[23]    -1.037        
i_scope/set_b_filt_aa_reg[0]/C i_scope/i_dfilt1_chb/aa_mult/A[15]
                                                              -1.036        
i_asg/ch[1]/dac_o_reg[0]/C     i_pid/i_pid22/kd_mult/A[14]    -1.026        
i_asg/ch[1]/dac_o_reg[0]/C     i_pid/i_pid22/kd_mult/A[15]    -1.026        
i_asg/ch[0]/dac_o_reg[4]/C     i_pid/i_pid21/kd_mult/A[27]    -1.011        
i_scope/set_a_filt_aa_reg[12]/C
                               i_scope/i_dfilt1_cha/aa_mult/A[2]
                                                              -1.006        
i_scope/set_a_filt_aa_reg[12]/C
                               i_scope/i_dfilt1_cha/aa_mult/A[3]
                                                              -0.996        
i_scope/set_b_filt_aa_reg[0]/C i_scope/i_dfilt1_chb/aa_mult/A[12]
                                                              -0.991        
i_asg/ch[1]/dac_o_reg[0]/C     i_pid/i_pid22/int_sum/A[17]    -0.972        
i_asg/ch[1]/dac_o_reg[0]/C     i_pid/i_pid22/int_sum/A[18]    -0.972        
i_asg/ch[1]/dac_o_reg[0]/C     i_pid/i_pid22/int_sum/A[19]    -0.972        
i_scope/set_a_filt_aa_reg[12]/C
                               i_scope/i_dfilt1_cha/aa_mult/A[4]
                                                              -0.972        
i_asg/ch[1]/dac_o_reg[0]/C     i_pid/i_pid22/kd_mult/A[28]    -0.965        
i_asg/ch[1]/dac_o_reg[0]/C     i_pid/i_pid22/int_sum/A[29]    -0.962        
i_asg/ch[0]/dac_o_reg[4]/C     i_pid/i_pid11/kp_mult/A[18]    -0.960        
i_asg/ch[0]/dac_o_reg[4]/C     i_pid/i_pid11/kp_mult/A[19]    -0.960        
ps/axi_slave_gp0/wr_wdata_reg[11]/C
                               i_pid/set_11_kp_reg[11]/D      -0.960        
i_asg/ch[1]/dac_o_reg[0]/C     i_pid/i_pid22/kd_mult/A[17]    -0.957        
i_asg/ch[1]/dac_o_reg[0]/C     i_pid/i_pid22/kd_mult/A[18]    -0.957        
i_asg/ch[1]/dac_o_reg[0]/C     i_pid/i_pid22/kd_mult/A[19]    -0.957        
i_scope/set_b_filt_aa_reg[0]/C i_scope/i_dfilt1_chb/aa_mult/A[7]
                                                              -0.957        
i_asg/ch[1]/dac_o_reg[0]/C     i_pid/i_pid22/int_sum/A[25]    -0.951        
i_asg/ch[0]/dac_o_reg[4]/C     i_pid/i_pid11/kp_mult/A[17]    -0.949        
i_asg/ch[0]/dac_o_reg[4]/C     i_pid/i_pid11/kp_mult/A[16]    -0.943        
i_asg/ch[0]/dac_o_reg[4]/C     i_pid/i_pid11/int_sum/A[20]    -0.940        
i_asg/ch[0]/dac_o_reg[4]/C     i_pid/i_pid11/int_sum/A[21]    -0.940        
i_asg/ch[1]/dac_o_reg[0]/C     i_pid/i_pid22/kd_mult/A[29]    -0.938        
i_scope/set_a_filt_aa_reg[12]/C
                               i_scope/i_dfilt1_cha/r3_reg_dsp3_reg[13]/D
                                                              -0.937        
i_asg/ch[0]/dac_o_reg[4]/C     i_pid/i_pid21/kd_mult/A[20]    -0.930        
i_asg/ch[0]/dac_o_reg[4]/C     i_pid/i_pid21/kd_mult/A[21]    -0.930        
i_asg/ch[0]/dac_o_reg[4]/C     i_pid/i_pid21/kd_mult/A[22]    -0.930        
i_scope/set_b_filt_aa_reg[0]/C i_scope/i_dfilt1_chb/aa_mult/A[11]
                                                              -0.929        
i_scope/set_b_filt_aa_reg[0]/C i_scope/i_dfilt1_chb/aa_mult/A[1]
                                                              -0.929        
i_scope/set_b_filt_aa_reg[0]/C i_scope/i_dfilt1_chb/aa_mult/A[4]
                                                              -0.928        
i_asg/ch[0]/dac_o_reg[4]/C     i_pid/i_pid11/kp_mult/A[26]    -0.928        
i_asg/ch[0]/dac_o_reg[4]/C     i_pid/i_pid11/kp_mult/A[27]    -0.928        
i_asg/ch[0]/dac_o_reg[4]/C     i_pid/i_pid21/int_sum/A[17]    -0.925        
i_asg/ch[0]/dac_o_reg[4]/C     i_pid/i_pid21/kp_mult/A[16]    -0.922        
i_asg/ch[1]/dac_o_reg[0]/C     i_pid/i_pid22/int_sum/A[13]    -0.922        
i_asg/ch[0]/dac_o_reg[4]/C     i_pid/i_pid11/kp_mult/A[22]    -0.912        
i_asg/ch[0]/dac_o_reg[4]/C     i_pid/i_pid11/kp_mult/A[23]    -0.912        
i_asg/ch[0]/dac_o_reg[4]/C     i_pid/i_pid11/kp_mult/A[13]    -0.912        
i_asg/ch[0]/dac_o_reg[4]/C     i_pid/i_pid11/kp_mult/A[14]    -0.910        
i_asg/ch[0]/dac_o_reg[4]/C     i_pid/i_pid11/kp_mult/A[15]    -0.910        
i_asg/ch[1]/dac_o_reg[0]/C     i_pid/i_pid22/kp_mult/A[27]    -0.904        
i_asg/ch[0]/dac_o_reg[4]/C     i_pid/i_pid11/kp_mult/A[20]    -0.903        
pwm[3]/vcnt_r_reg[0]/C         pwm[3]/pwm_o_reg/D             -0.414        
pwm[2]/vcnt_r_reg[0]/C         pwm[2]/pwm_o_reg/D             -0.330        
pwm[1]/v_r_reg[6]/C            pwm[1]/pwm_o_reg/D             -0.109        
pwm[0]/v_r_reg[6]/C            pwm[0]/pwm_o_reg/D             -0.089        
ps/system_i/axi_protocol_converter_0/inst/gen_axilite.gen_b2s_conv.axilite_b2s/RD.r_channel_0/rd_data_fifo_0/cnt_read_reg[2]_rep__2/C
                               ps/system_i/axi_protocol_converter_0/inst/gen_axilite.gen_b2s_conv.axilite_b2s/RD.ar_channel_0/cmd_translator_0/wrap_cmd_0/wrap_cnt_r_reg[0]/CE
                                                              -0.064        
ps/system_i/axi_protocol_converter_0/inst/gen_axilite.gen_b2s_conv.axilite_b2s/RD.r_channel_0/rd_data_fifo_0/cnt_read_reg[2]_rep__2/C
                               ps/system_i/axi_protocol_converter_0/inst/gen_axilite.gen_b2s_conv.axilite_b2s/RD.ar_channel_0/cmd_translator_0/wrap_cmd_0/wrap_cnt_r_reg[1]/CE
                                                              -0.064        
ps/system_i/axi_protocol_converter_0/inst/gen_axilite.gen_b2s_conv.axilite_b2s/RD.r_channel_0/rd_data_fifo_0/cnt_read_reg[2]_rep__2/C
                               ps/system_i/axi_protocol_converter_0/inst/gen_axilite.gen_b2s_conv.axilite_b2s/RD.ar_channel_0/cmd_translator_0/wrap_cmd_0/wrap_cnt_r_reg[2]/CE
                                                              -0.064        
pwm[0]/bcnt_reg[3]/C           pwm[0]/v_reg[1]/CE             -0.012        
pwm[0]/bcnt_reg[3]/C           pwm[0]/v_reg[3]/CE             -0.012        
pwm[0]/bcnt_reg[3]/C           pwm[0]/v_reg[6]/CE             -0.012        
ps/system_i/axi_protocol_converter_0/inst/gen_axilite.gen_b2s_conv.axilite_b2s/SI_REG/aw.aw_pipe/m_payload_i_reg[5]/C
                               ps/system_i/axi_protocol_converter_0/inst/gen_axilite.gen_b2s_conv.axilite_b2s/WR.aw_channel_0/cmd_translator_0/wrap_cmd_0/wrap_cnt_r_reg[0]/CE
                                                              -0.002        
ps/system_i/axi_protocol_converter_0/inst/gen_axilite.gen_b2s_conv.axilite_b2s/SI_REG/aw.aw_pipe/m_payload_i_reg[5]/C
                               ps/system_i/axi_protocol_converter_0/inst/gen_axilite.gen_b2s_conv.axilite_b2s/WR.aw_channel_0/cmd_translator_0/wrap_cmd_0/wrap_cnt_r_reg[1]/CE
                                                              -0.002        
ps/system_i/axi_protocol_converter_0/inst/gen_axilite.gen_b2s_conv.axilite_b2s/SI_REG/aw.aw_pipe/m_payload_i_reg[5]/C
                               ps/system_i/axi_protocol_converter_0/inst/gen_axilite.gen_b2s_conv.axilite_b2s/WR.aw_channel_0/cmd_translator_0/wrap_cmd_0/wrap_cnt_r_reg[2]/CE
                                                              -0.002        
ps/system_i/axi_protocol_converter_0/inst/gen_axilite.gen_b2s_conv.axilite_b2s/RD.r_channel_0/transaction_fifo_0/cnt_read_reg[2]_rep__0/C
                               ps/system_i/axi_protocol_converter_0/inst/gen_axilite.gen_b2s_conv.axilite_b2s/RD.r_channel_0/rd_data_fifo_0/cnt_read_reg[0]_rep__2/CE
                                                              0.009         
pwm[0]/bcnt_reg[3]/C           pwm[0]/v_reg[0]/CE             0.088         
pwm[0]/bcnt_reg[3]/C           pwm[0]/v_reg[2]/CE             0.088         
pwm[0]/bcnt_reg[3]/C           pwm[0]/v_reg[4]/CE             0.088         
pwm[0]/bcnt_reg[3]/C           pwm[0]/v_reg[5]/CE             0.088         
pwm[0]/bcnt_reg[3]/C           pwm[0]/v_reg[7]/CE             0.088         
ps/system_i/axi_protocol_converter_0/inst/gen_axilite.gen_b2s_conv.axilite_b2s/WR.aw_channel_0/cmd_translator_0/wrap_cmd_0/axaddr_wrap_reg[8]/C
                               ps/system_i/xadc/inst/AXI_XADC_CORE_I/XADC_INST/DADDR[6]
                                                              0.118         
ps/system_i/xadc/inst/AXI_LITE_IPIF_I/I_SLAVE_ATTACHMENT/INCLUDE_DPHASE_TIMER.dpto_cnt_reg[6]/C
                               ps/system_i/axi_protocol_converter_0/inst/gen_axilite.gen_b2s_conv.axilite_b2s/RD.ar_channel_0/cmd_translator_0/incr_cmd_0/axaddr_incr_reg[0]/CE
                                                              0.139         
ps/system_i/xadc/inst/AXI_LITE_IPIF_I/I_SLAVE_ATTACHMENT/INCLUDE_DPHASE_TIMER.dpto_cnt_reg[6]/C
                               ps/system_i/axi_protocol_converter_0/inst/gen_axilite.gen_b2s_conv.axilite_b2s/RD.ar_channel_0/cmd_translator_0/incr_cmd_0/axaddr_incr_reg[3]/CE
                                                              0.139         
ps/system_i/xadc/inst/AXI_LITE_IPIF_I/I_SLAVE_ATTACHMENT/INCLUDE_DPHASE_TIMER.dpto_cnt_reg[6]/C
                               ps/system_i/axi_protocol_converter_0/inst/gen_axilite.gen_b2s_conv.axilite_b2s/RD.ar_channel_0/cmd_translator_0/incr_cmd_0/axaddr_incr_reg[6]/CE
                                                              0.139         
ps/system_i/xadc/inst/AXI_LITE_IPIF_I/I_SLAVE_ATTACHMENT/INCLUDE_DPHASE_TIMER.dpto_cnt_reg[6]/C
                               ps/system_i/axi_protocol_converter_0/inst/gen_axilite.gen_b2s_conv.axilite_b2s/RD.ar_channel_0/cmd_translator_0/incr_cmd_0/axaddr_incr_reg[7]/CE
                                                              0.139         
ps/system_i/xadc/inst/AXI_LITE_IPIF_I/I_SLAVE_ATTACHMENT/INCLUDE_DPHASE_TIMER.dpto_cnt_reg[6]/C
                               ps/system_i/axi_protocol_converter_0/inst/gen_axilite.gen_b2s_conv.axilite_b2s/RD.ar_channel_0/cmd_translator_0/incr_cmd_0/axaddr_incr_reg[1]/CE
                                                              0.153         
ps/system_i/xadc/inst/AXI_LITE_IPIF_I/I_SLAVE_ATTACHMENT/INCLUDE_DPHASE_TIMER.dpto_cnt_reg[6]/C
                               ps/system_i/axi_protocol_converter_0/inst/gen_axilite.gen_b2s_conv.axilite_b2s/RD.ar_channel_0/cmd_translator_0/incr_cmd_0/axaddr_incr_reg[2]/CE
                                                              0.153         
ps/system_i/axi_protocol_converter_0/inst/gen_axilite.gen_b2s_conv.axilite_b2s/SI_REG/aw.aw_pipe/m_payload_i_reg[36]/C
                               ps/system_i/axi_protocol_converter_0/inst/gen_axilite.gen_b2s_conv.axilite_b2s/WR.aw_channel_0/cmd_translator_0/wrap_cmd_0/wrap_cnt_r_reg[2]/D
                                                              0.179         
ps/system_i/axi_protocol_converter_0/inst/gen_axilite.gen_b2s_conv.axilite_b2s/SI_REG/aw.aw_pipe/m_payload_i_reg[6]/C
                               ps/system_i/xadc/inst/AXI_LITE_IPIF_I/I_SLAVE_ATTACHMENT/I_DECODER/GEN_BKEND_CE_REGISTERS[5].ce_out_i_reg[5]/D
                                                              0.206         
ps/system_i/axi_protocol_converter_0/inst/gen_axilite.gen_b2s_conv.axilite_b2s/SI_REG/aw.aw_pipe/m_payload_i_reg[6]/C
                               ps/system_i/xadc/inst/AXI_LITE_IPIF_I/I_SLAVE_ATTACHMENT/I_DECODER/GEN_BKEND_CE_REGISTERS[1].ce_out_i_reg[1]/D
                                                              0.211         
ps/system_i/axi_protocol_converter_0/inst/gen_axilite.gen_b2s_conv.axilite_b2s/SI_REG/aw.aw_pipe/m_payload_i_reg[6]/C
                               ps/system_i/xadc/inst/AXI_LITE_IPIF_I/I_SLAVE_ATTACHMENT/I_DECODER/GEN_BKEND_CE_REGISTERS[6].ce_out_i_reg[6]/D
                                                              0.253         
ps/system_i/axi_protocol_converter_0/inst/gen_axilite.gen_b2s_conv.axilite_b2s/SI_REG/ar.ar_pipe/m_payload_i_reg[2]/C
                               ps/system_i/xadc/inst/AXI_XADC_CORE_I/XADC_INST/DADDR[0]
                                                              0.260         
ps/system_i/xadc/inst/AXI_LITE_IPIF_I/I_SLAVE_ATTACHMENT/INCLUDE_DPHASE_TIMER.dpto_cnt_reg[6]/C
                               ps/system_i/axi_protocol_converter_0/inst/gen_axilite.gen_b2s_conv.axilite_b2s/WR.aw_channel_0/cmd_translator_0/incr_cmd_0/axlen_cnt_reg[4]/CE
                                                              0.261         
ps/system_i/xadc/inst/AXI_LITE_IPIF_I/I_SLAVE_ATTACHMENT/INCLUDE_DPHASE_TIMER.dpto_cnt_reg[6]/C
                               ps/system_i/axi_protocol_converter_0/inst/gen_axilite.gen_b2s_conv.axilite_b2s/WR.aw_channel_0/cmd_translator_0/incr_cmd_0/axlen_cnt_reg[5]/CE
                                                              0.261         
ps/system_i/xadc/inst/AXI_LITE_IPIF_I/I_SLAVE_ATTACHMENT/INCLUDE_DPHASE_TIMER.dpto_cnt_reg[6]/C
                               ps/system_i/axi_protocol_converter_0/inst/gen_axilite.gen_b2s_conv.axilite_b2s/WR.aw_channel_0/cmd_translator_0/incr_cmd_0/axlen_cnt_reg[6]/CE
                                                              0.261         
ps/system_i/xadc/inst/AXI_LITE_IPIF_I/I_SLAVE_ATTACHMENT/INCLUDE_DPHASE_TIMER.dpto_cnt_reg[6]/C
                               ps/system_i/axi_protocol_converter_0/inst/gen_axilite.gen_b2s_conv.axilite_b2s/WR.aw_channel_0/cmd_translator_0/incr_cmd_0/axlen_cnt_reg[7]/CE
                                                              0.261         
ps/system_i/axi_protocol_converter_0/inst/gen_axilite.gen_b2s_conv.axilite_b2s/SI_REG/aw.aw_pipe/m_payload_i_reg[6]/C
                               ps/system_i/xadc/inst/AXI_LITE_IPIF_I/I_SLAVE_ATTACHMENT/I_DECODER/GEN_BKEND_CE_REGISTERS[3].ce_out_i_reg[3]/D
                                                              0.263         
ps/system_i/axi_protocol_converter_0/inst/gen_axilite.gen_b2s_conv.axilite_b2s/SI_REG/aw.aw_pipe/m_payload_i_reg[6]/C
                               ps/system_i/xadc/inst/AXI_LITE_IPIF_I/I_SLAVE_ATTACHMENT/I_DECODER/GEN_BKEND_CE_REGISTERS[7].ce_out_i_reg[7]/D
                                                              0.265         
ps/system_i/axi_protocol_converter_0/inst/gen_axilite.gen_b2s_conv.axilite_b2s/SI_REG/aw.aw_pipe/m_payload_i_reg[6]/C
                               ps/system_i/xadc/inst/AXI_XADC_CORE_I/XADC_INST/DADDR[4]
                                                              0.267         
ps/system_i/axi_protocol_converter_0/inst/gen_axilite.gen_b2s_conv.axilite_b2s/WR.aw_channel_0/cmd_translator_0/wrap_cmd_0/sel_first_reg/C
                               ps/system_i/xadc/inst/AXI_XADC_CORE_I/XADC_INST/DADDR[1]
                                                              0.267         
ps/system_i/axi_protocol_converter_0/inst/gen_axilite.gen_b2s_conv.axilite_b2s/SI_REG/ar.ar_pipe/m_payload_i_reg[4]/C
                               ps/system_i/xadc/inst/AXI_XADC_CORE_I/XADC_INST/DADDR[2]
                                                              0.277         
ps/system_i/axi_protocol_converter_0/inst/gen_axilite.gen_b2s_conv.axilite_b2s/SI_REG/ar.ar_pipe/m_payload_i_reg[5]/C
                               ps/system_i/axi_protocol_converter_0/inst/gen_axilite.gen_b2s_conv.axilite_b2s/RD.ar_channel_0/cmd_translator_0/wrap_cmd_0/wrap_cnt_r_reg[3]/D
                                                              0.285         
ps/system_i/axi_protocol_converter_0/inst/gen_axilite.gen_b2s_conv.axilite_b2s/RD.ar_channel_0/ar_cmd_fsm_0/state_reg[0]/C
                               ps/system_i/xadc/inst/INTR_CTRLR_GEN_I.INTERRUPT_CONTROL_I/GEN_IP_IRPT_STATUS_REG[4].GEN_REG_STATUS.ip_irpt_status_reg_reg[4]/D
                                                              0.291         
pwm[1]/vcnt_reg[6]/C           pwm[1]/v_reg[2]/CE             0.295         
pwm[1]/vcnt_reg[6]/C           pwm[1]/v_reg[3]/CE             0.295         
pwm[1]/vcnt_reg[6]/C           pwm[1]/v_reg[4]/CE             0.295         
pwm[2]/vcnt_reg[2]/C           pwm[2]/v_reg[0]/CE             0.309         
pwm[2]/vcnt_reg[2]/C           pwm[2]/v_reg[1]/CE             0.309         
pwm[2]/vcnt_reg[2]/C           pwm[2]/v_reg[3]/CE             0.309         
pwm[2]/vcnt_reg[2]/C           pwm[2]/v_reg[4]/CE             0.309         
ps/system_i/axi_protocol_converter_0/inst/gen_axilite.gen_b2s_conv.axilite_b2s/SI_REG/ar.ar_pipe/m_payload_i_reg[7]/C
                               ps/system_i/xadc/inst/AXI_LITE_IPIF_I/I_SLAVE_ATTACHMENT/I_DECODER/GEN_BKEND_CE_REGISTERS[14].ce_out_i_reg[14]/D
                                                              0.322         
ps/system_i/axi_protocol_converter_0/inst/gen_axilite.gen_b2s_conv.axilite_b2s/SI_REG/ar.ar_pipe/m_payload_i_reg[7]/C
                               ps/system_i/xadc/inst/AXI_XADC_CORE_I/XADC_INST/DADDR[5]
                                                              0.326         
ps/system_i/xadc/inst/AXI_LITE_IPIF_I/I_SLAVE_ATTACHMENT/INCLUDE_DPHASE_TIMER.dpto_cnt_reg[6]/C
                               ps/system_i/axi_protocol_converter_0/inst/gen_axilite.gen_b2s_conv.axilite_b2s/RD.ar_channel_0/cmd_translator_0/incr_cmd_0/axaddr_incr_reg[4]/CE
                                                              0.344         
ps/system_i/xadc/inst/AXI_LITE_IPIF_I/I_SLAVE_ATTACHMENT/INCLUDE_DPHASE_TIMER.dpto_cnt_reg[6]/C
                               ps/system_i/axi_protocol_converter_0/inst/gen_axilite.gen_b2s_conv.axilite_b2s/RD.ar_channel_0/cmd_translator_0/incr_cmd_0/axaddr_incr_reg[5]/CE
                                                              0.344         
ps/system_i/xadc/inst/AXI_LITE_IPIF_I/I_SLAVE_ATTACHMENT/INCLUDE_DPHASE_TIMER.dpto_cnt_reg[6]/C
                               ps/system_i/axi_protocol_converter_0/inst/gen_axilite.gen_b2s_conv.axilite_b2s/RD.ar_channel_0/cmd_translator_0/incr_cmd_0/axaddr_incr_reg[10]/CE
                                                              0.353         
ps/system_i/xadc/inst/AXI_LITE_IPIF_I/I_SLAVE_ATTACHMENT/INCLUDE_DPHASE_TIMER.dpto_cnt_reg[6]/C
                               ps/system_i/axi_protocol_converter_0/inst/gen_axilite.gen_b2s_conv.axilite_b2s/RD.ar_channel_0/cmd_translator_0/incr_cmd_0/axaddr_incr_reg[8]/CE
                                                              0.353         
ps/system_i/xadc/inst/AXI_LITE_IPIF_I/I_SLAVE_ATTACHMENT/INCLUDE_DPHASE_TIMER.dpto_cnt_reg[6]/C
                               ps/system_i/axi_protocol_converter_0/inst/gen_axilite.gen_b2s_conv.axilite_b2s/WR.aw_channel_0/cmd_translator_0/incr_cmd_0/axaddr_incr_reg[11]/D
                                                              0.358         
ps/system_i/xadc/inst/AXI_LITE_IPIF_I/I_SLAVE_ATTACHMENT/INCLUDE_DPHASE_TIMER.dpto_cnt_reg[6]/C
                               ps/system_i/axi_protocol_converter_0/inst/gen_axilite.gen_b2s_conv.axilite_b2s/WR.aw_channel_0/cmd_translator_0/incr_cmd_0/axaddr_incr_reg[9]/D
                                                              0.363         
pwm[3]/vcnt_reg[4]/C           pwm[3]/v_reg[0]/CE             0.378         
pwm[3]/vcnt_reg[4]/C           pwm[3]/v_reg[1]/CE             0.378         
pwm[3]/vcnt_reg[4]/C           pwm[3]/v_reg[3]/CE             0.378         
pwm[3]/vcnt_reg[4]/C           pwm[3]/v_reg[6]/CE             0.378         
ps/system_i/axi_protocol_converter_0/inst/gen_axilite.gen_b2s_conv.axilite_b2s/RD.r_channel_0/transaction_fifo_0/cnt_read_reg[2]_rep__0/C
                               ps/system_i/axi_protocol_converter_0/inst/gen_axilite.gen_b2s_conv.axilite_b2s/RD.r_channel_0/rd_data_fifo_0/cnt_read_reg[2]_rep__1/D
                                                              0.378         
ps/system_i/axi_protocol_converter_0/inst/gen_axilite.gen_b2s_conv.axilite_b2s/SI_REG/aw.aw_pipe/m_payload_i_reg[5]/C
                               ps/system_i/xadc/inst/AXI_XADC_CORE_I/XADC_INST/DADDR[3]
                                                              0.379         
ps/system_i/axi_protocol_converter_0/inst/gen_axilite.gen_b2s_conv.axilite_b2s/RD.ar_channel_0/ar_cmd_fsm_0/state_reg[0]/C
                               ps/system_i/xadc/inst/INTR_CTRLR_GEN_I.INTERRUPT_CONTROL_I/GEN_IP_IRPT_STATUS_REG[11].GEN_REG_STATUS.ip_irpt_status_reg_reg[11]/D
                                                              0.380         
ps/system_i/xadc/inst/AXI_LITE_IPIF_I/I_SLAVE_ATTACHMENT/INCLUDE_DPHASE_TIMER.dpto_cnt_reg[6]/C
                               ps/system_i/axi_protocol_converter_0/inst/gen_axilite.gen_b2s_conv.axilite_b2s/WR.aw_channel_0/cmd_translator_0/incr_cmd_0/axaddr_incr_reg[7]/D
                                                              0.388         
ps/system_i/axi_protocol_converter_0/inst/gen_axilite.gen_b2s_conv.axilite_b2s/SI_REG/aw.aw_pipe/m_payload_i_reg[6]/C
                               ps/system_i/xadc/inst/AXI_LITE_IPIF_I/I_SLAVE_ATTACHMENT/I_DECODER/GEN_BKEND_CE_REGISTERS[2].ce_out_i_reg[2]/D
                                                              0.397         
ps/system_i/axi_protocol_converter_0/inst/gen_axilite.gen_b2s_conv.axilite_b2s/SI_REG/ar.ar_pipe/m_payload_i_reg[7]/C
                               ps/system_i/xadc/inst/AXI_LITE_IPIF_I/I_SLAVE_ATTACHMENT/I_DECODER/GEN_BKEND_CE_REGISTERS[17].ce_out_i_reg[17]/D
                                                              0.402         
ps/system_i/axi_protocol_converter_0/inst/gen_axilite.gen_b2s_conv.axilite_b2s/SI_REG/aw.aw_pipe/m_payload_i_reg[6]/C
                               ps/system_i/xadc/inst/AXI_LITE_IPIF_I/I_SLAVE_ATTACHMENT/I_DECODER/GEN_BKEND_CE_REGISTERS[4].ce_out_i_reg[4]/D
                                                              0.404         
ps/system_i/axi_protocol_converter_0/inst/gen_axilite.gen_b2s_conv.axilite_b2s/SI_REG/aw.aw_pipe/m_payload_i_reg[5]/C
                               ps/system_i/axi_protocol_converter_0/inst/gen_axilite.gen_b2s_conv.axilite_b2s/WR.aw_channel_0/cmd_translator_0/wrap_cmd_0/wrap_second_len_r_reg[0]/D
                                                              0.407         
ps/system_i/axi_protocol_converter_0/inst/gen_axilite.gen_b2s_conv.axilite_b2s/SI_REG/ar.ar_pipe/m_payload_i_reg[7]/C
                               ps/system_i/xadc/inst/AXI_LITE_IPIF_I/I_SLAVE_ATTACHMENT/I_DECODER/GEN_BKEND_CE_REGISTERS[22].ce_out_i_reg[22]/D
                                                              0.407         
ps/system_i/axi_protocol_converter_0/inst/gen_axilite.gen_b2s_conv.axilite_b2s/SI_REG/ar.ar_pipe/m_payload_i_reg[7]/C
                               ps/system_i/xadc/inst/AXI_LITE_IPIF_I/I_SLAVE_ATTACHMENT/I_DECODER/GEN_BKEND_CE_REGISTERS[11].ce_out_i_reg[11]/D
                                                              0.407         
ps/system_i/axi_protocol_converter_0/inst/gen_axilite.gen_b2s_conv.axilite_b2s/RD.r_channel_0/transaction_fifo_0/cnt_read_reg[2]_rep__0/C
                               ps/system_i/axi_protocol_converter_0/inst/gen_axilite.gen_b2s_conv.axilite_b2s/RD.r_channel_0/rd_data_fifo_0/cnt_read_reg[4]/D
                                                              0.409         
ps/system_i/axi_protocol_converter_0/inst/gen_axilite.gen_b2s_conv.axilite_b2s/SI_REG/aw.aw_pipe/m_payload_i_reg[6]/C
                               ps/system_i/xadc/inst/AXI_LITE_IPIF_I/I_SLAVE_ATTACHMENT/I_DECODER/GEN_BKEND_CE_REGISTERS[0].ce_out_i_reg[0]/D
                                                              0.412         
ps/system_i/xadc/inst/AXI_LITE_IPIF_I/I_SLAVE_ATTACHMENT/INCLUDE_DPHASE_TIMER.dpto_cnt_reg[6]/C
                               ps/system_i/axi_protocol_converter_0/inst/gen_axilite.gen_b2s_conv.axilite_b2s/WR.aw_channel_0/cmd_translator_0/incr_cmd_0/axaddr_incr_reg[6]/D
                                                              0.412         
ps/system_i/axi_protocol_converter_0/inst/gen_axilite.gen_b2s_conv.axilite_b2s/RD.ar_channel_0/ar_cmd_fsm_0/state_reg[0]/C
                               ps/system_i/xadc/inst/INTR_CTRLR_GEN_I.INTERRUPT_CONTROL_I/GEN_IP_IRPT_STATUS_REG[9].GEN_REG_STATUS.ip_irpt_status_reg_reg[9]/D
                                                              0.420         
ps/system_i/axi_protocol_converter_0/inst/gen_axilite.gen_b2s_conv.axilite_b2s/SI_REG/ar.ar_pipe/m_payload_i_reg[7]/C
                               ps/system_i/xadc/inst/AXI_LITE_IPIF_I/I_SLAVE_ATTACHMENT/I_DECODER/GEN_BKEND_CE_REGISTERS[12].ce_out_i_reg[12]/D
                                                              0.422         
ps/system_i/axi_protocol_converter_0/inst/gen_axilite.gen_b2s_conv.axilite_b2s/RD.ar_channel_0/ar_cmd_fsm_0/state_reg[0]/C
                               ps/system_i/xadc/inst/INTR_CTRLR_GEN_I.INTERRUPT_CONTROL_I/GEN_IP_IRPT_STATUS_REG[8].GEN_REG_STATUS.ip_irpt_status_reg_reg[8]/D
                                                              0.424         
ps/system_i/xadc/inst/AXI_LITE_IPIF_I/I_SLAVE_ATTACHMENT/INCLUDE_DPHASE_TIMER.dpto_cnt_reg[6]/C
                               ps/system_i/axi_protocol_converter_0/inst/gen_axilite.gen_b2s_conv.axilite_b2s/RD.ar_channel_0/cmd_translator_0/incr_cmd_0/axaddr_incr_reg[5]/D
                                                              0.425         
ps/system_i/axi_protocol_converter_0/inst/gen_axilite.gen_b2s_conv.axilite_b2s/SI_REG/ar.ar_pipe/m_payload_i_reg[7]/C
                               ps/system_i/xadc/inst/AXI_LITE_IPIF_I/I_SLAVE_ATTACHMENT/I_DECODER/GEN_BKEND_CE_REGISTERS[13].ce_out_i_reg[13]/D
                                                              0.427         
pwm[3]/vcnt_reg[4]/C           pwm[3]/v_reg[2]/CE             0.428         
pwm[3]/vcnt_reg[4]/C           pwm[3]/v_reg[4]/CE             0.428         
pwm[3]/vcnt_reg[4]/C           pwm[3]/v_reg[5]/CE             0.428         
pwm[3]/vcnt_reg[4]/C           pwm[3]/v_reg[7]/CE             0.428         
ps/system_i/axi_protocol_converter_0/inst/gen_axilite.gen_b2s_conv.axilite_b2s/SI_REG/ar.ar_pipe/m_payload_i_reg[7]/C
                               ps/system_i/xadc/inst/AXI_LITE_IPIF_I/I_SLAVE_ATTACHMENT/I_DECODER/GEN_BKEND_CE_REGISTERS[20].ce_out_i_reg[20]/D
                                                              0.428         
ps/system_i/axi_protocol_converter_0/inst/gen_axilite.gen_b2s_conv.axilite_b2s/SI_REG/aw.aw_pipe/m_payload_i_reg[5]/C
                               ps/system_i/axi_protocol_converter_0/inst/gen_axilite.gen_b2s_conv.axilite_b2s/WR.aw_channel_0/cmd_translator_0/wrap_cmd_0/wrap_cnt_r_reg[3]/D
                                                              0.430         
ps/system_i/axi_protocol_converter_0/inst/gen_axilite.gen_b2s_conv.axilite_b2s/RD.ar_channel_0/ar_cmd_fsm_0/state_reg[0]/C
                               ps/system_i/xadc/inst/INTR_CTRLR_GEN_I.INTERRUPT_CONTROL_I/GEN_IP_IRPT_STATUS_REG[5].GEN_REG_STATUS.ip_irpt_status_reg_reg[5]/D
                                                              0.432         
ps/system_i/axi_protocol_converter_0/inst/gen_axilite.gen_b2s_conv.axilite_b2s/RD.r_channel_0/transaction_fifo_0/cnt_read_reg[2]_rep__0/C
                               ps/system_i/axi_protocol_converter_0/inst/gen_axilite.gen_b2s_conv.axilite_b2s/RD.r_channel_0/rd_data_fifo_0/cnt_read_reg[4]_rep__0/D
                                                              0.437         
ps/system_i/xadc/inst/AXI_LITE_IPIF_I/I_SLAVE_ATTACHMENT/INCLUDE_DPHASE_TIMER.dpto_cnt_reg[6]/C
                               ps/system_i/axi_protocol_converter_0/inst/gen_axilite.gen_b2s_conv.axilite_b2s/WR.aw_channel_0/cmd_translator_0/incr_cmd_0/axaddr_incr_reg[4]/D
                                                              0.437         
ps/system_i/axi_protocol_converter_0/inst/gen_axilite.gen_b2s_conv.axilite_b2s/RD.ar_channel_0/ar_cmd_fsm_0/state_reg[0]/C
                               ps/system_i/xadc/inst/INTR_CTRLR_GEN_I.INTERRUPT_CONTROL_I/GEN_IP_IRPT_STATUS_REG[3].GEN_REG_STATUS.ip_irpt_status_reg_reg[3]/D
                                                              0.442         
ps/system_i/axi_protocol_converter_0/inst/gen_axilite.gen_b2s_conv.axilite_b2s/RD.ar_channel_0/ar_cmd_fsm_0/state_reg[0]/C
                               ps/system_i/xadc/inst/INTR_CTRLR_GEN_I.INTERRUPT_CONTROL_I/GEN_IP_IRPT_STATUS_REG[6].GEN_REG_STATUS.ip_irpt_status_reg_reg[6]/D
                                                              0.444         
ps/system_i/axi_protocol_converter_0/inst/gen_axilite.gen_b2s_conv.axilite_b2s/SI_REG/ar.ar_pipe/m_payload_i_reg[7]/C
                               ps/system_i/xadc/inst/AXI_LITE_IPIF_I/I_SLAVE_ATTACHMENT/I_DECODER/GEN_BKEND_CE_REGISTERS[16].ce_out_i_reg[16]/D
                                                              0.445         
ps/system_i/xadc/inst/AXI_LITE_IPIF_I/I_SLAVE_ATTACHMENT/INCLUDE_DPHASE_TIMER.dpto_cnt_reg[6]/C
                               ps/system_i/axi_protocol_converter_0/inst/gen_axilite.gen_b2s_conv.axilite_b2s/WR.aw_channel_0/cmd_translator_0/incr_cmd_0/axaddr_incr_reg[9]/CE
                                                              0.446         
ps/system_i/axi_protocol_converter_0/inst/gen_axilite.gen_b2s_conv.axilite_b2s/SI_REG/ar.ar_pipe/m_payload_i_reg[7]/C
                               ps/system_i/xadc/inst/AXI_LITE_IPIF_I/I_SLAVE_ATTACHMENT/I_DECODER/GEN_BKEND_CE_REGISTERS[23].ce_out_i_reg[23]/D
                                                              0.446         
ps/system_i/axi_protocol_converter_0/inst/gen_axilite.gen_b2s_conv.axilite_b2s/RD.ar_channel_0/ar_cmd_fsm_0/state_reg[0]/C
                               ps/system_i/xadc/inst/INTR_CTRLR_GEN_I.INTERRUPT_CONTROL_I/GEN_IP_IRPT_STATUS_REG[14].GEN_REG_STATUS.ip_irpt_status_reg_reg[14]/D
                                                              0.449         
ps/system_i/xadc/inst/AXI_LITE_IPIF_I/I_SLAVE_ATTACHMENT/INCLUDE_DPHASE_TIMER.dpto_cnt_reg[6]/C
                               ps/system_i/axi_protocol_converter_0/inst/gen_axilite.gen_b2s_conv.axilite_b2s/RD.ar_channel_0/cmd_translator_0/incr_cmd_0/axlen_cnt_reg[4]/CE
                                                              0.450         
ps/system_i/xadc/inst/AXI_LITE_IPIF_I/I_SLAVE_ATTACHMENT/INCLUDE_DPHASE_TIMER.dpto_cnt_reg[6]/C
                               ps/system_i/axi_protocol_converter_0/inst/gen_axilite.gen_b2s_conv.axilite_b2s/RD.ar_channel_0/cmd_translator_0/incr_cmd_0/axlen_cnt_reg[5]/CE
                                                              0.450         
ps/system_i/xadc/inst/AXI_LITE_IPIF_I/I_SLAVE_ATTACHMENT/INCLUDE_DPHASE_TIMER.dpto_cnt_reg[6]/C
                               ps/system_i/axi_protocol_converter_0/inst/gen_axilite.gen_b2s_conv.axilite_b2s/RD.ar_channel_0/cmd_translator_0/incr_cmd_0/axlen_cnt_reg[6]/CE
                                                              0.450         
ps/system_i/xadc/inst/AXI_LITE_IPIF_I/I_SLAVE_ATTACHMENT/INCLUDE_DPHASE_TIMER.dpto_cnt_reg[6]/C
                               ps/system_i/axi_protocol_converter_0/inst/gen_axilite.gen_b2s_conv.axilite_b2s/RD.ar_channel_0/cmd_translator_0/incr_cmd_0/axlen_cnt_reg[7]/CE
                                                              0.450         
ps/system_i/axi_protocol_converter_0/inst/gen_axilite.gen_b2s_conv.axilite_b2s/RD.ar_channel_0/ar_cmd_fsm_0/state_reg[0]/C
                               ps/system_i/xadc/inst/INTR_CTRLR_GEN_I.INTERRUPT_CONTROL_I/GEN_IP_IRPT_STATUS_REG[13].GEN_REG_STATUS.ip_irpt_status_reg_reg[13]/D
                                                              0.450         
pwm_rstn_reg/C                 pwm[1]/pwm_o_reg/R             0.451         
ps/system_i/xadc/inst/AXI_LITE_IPIF_I/I_SLAVE_ATTACHMENT/INCLUDE_DPHASE_TIMER.dpto_cnt_reg[6]/C
                               ps/system_i/axi_protocol_converter_0/inst/gen_axilite.gen_b2s_conv.axilite_b2s/WR.aw_channel_0/cmd_translator_0/incr_cmd_0/axaddr_incr_reg[10]/D
                                                              0.451         
ps/system_i/axi_protocol_converter_0/inst/gen_axilite.gen_b2s_conv.axilite_b2s/SI_REG/ar.ar_pipe/m_payload_i_reg[7]/C
                               ps/system_i/xadc/inst/AXI_LITE_IPIF_I/I_SLAVE_ATTACHMENT/I_DECODER/GEN_BKEND_CE_REGISTERS[9].ce_out_i_reg[9]/D
                                                              0.456         
ps/system_i/xadc/inst/AXI_LITE_IPIF_I/I_SLAVE_ATTACHMENT/INCLUDE_DPHASE_TIMER.dpto_cnt_reg[6]/C
                               ps/system_i/axi_protocol_converter_0/inst/gen_axilite.gen_b2s_conv.axilite_b2s/RD.ar_channel_0/cmd_translator_0/incr_cmd_0/axaddr_incr_reg[10]/D
                                                              0.457         
ps/system_i/axi_protocol_converter_0/inst/gen_axilite.gen_b2s_conv.axilite_b2s/SI_REG/ar.ar_pipe/m_payload_i_reg[7]/C
                               ps/system_i/xadc/inst/AXI_LITE_IPIF_I/I_SLAVE_ATTACHMENT/I_DECODER/GEN_BKEND_CE_REGISTERS[19].ce_out_i_reg[19]/D
                                                              0.460         
ps/system_i/axi_protocol_converter_0/inst/gen_axilite.gen_b2s_conv.axilite_b2s/RD.r_channel_0/transaction_fifo_0/cnt_read_reg[2]_rep__0/C
                               ps/system_i/axi_protocol_converter_0/inst/gen_axilite.gen_b2s_conv.axilite_b2s/RD.r_channel_0/rd_data_fifo_0/cnt_read_reg[0]/D
                                                              0.462         
ps/system_i/axi_protocol_converter_0/inst/gen_axilite.gen_b2s_conv.axilite_b2s/SI_REG/ar.ar_pipe/m_payload_i_reg[7]/C
                               ps/system_i/xadc/inst/AXI_LITE_IPIF_I/I_SLAVE_ATTACHMENT/I_DECODER/GEN_BKEND_CE_REGISTERS[8].ce_out_i_reg[8]/D
                                                              0.463         
ps/system_i/axi_protocol_converter_0/inst/gen_axilite.gen_b2s_conv.axilite_b2s/SI_REG/ar.ar_pipe/m_payload_i_reg[7]/C
                               ps/system_i/xadc/inst/AXI_LITE_IPIF_I/I_SLAVE_ATTACHMENT/I_DECODER/GEN_BKEND_CE_REGISTERS[18].ce_out_i_reg[18]/D
                                                              0.465         
ps/system_i/axi_protocol_converter_0/inst/gen_axilite.gen_b2s_conv.axilite_b2s/SI_REG/ar.ar_pipe/m_payload_i_reg[7]/C
                               ps/system_i/xadc/inst/AXI_LITE_IPIF_I/I_SLAVE_ATTACHMENT/I_DECODER/GEN_BKEND_CE_REGISTERS[10].ce_out_i_reg[10]/D
                                                              0.465         
ps/system_i/xadc/inst/AXI_LITE_IPIF_I/I_SLAVE_ATTACHMENT/INCLUDE_DPHASE_TIMER.dpto_cnt_reg[6]/C
                               ps/system_i/axi_protocol_converter_0/inst/gen_axilite.gen_b2s_conv.axilite_b2s/WR.aw_channel_0/cmd_translator_0/incr_cmd_0/axaddr_incr_reg[5]/D
                                                              0.470         
ps/system_i/axi_protocol_converter_0/inst/gen_axilite.gen_b2s_conv.axilite_b2s/RD.ar_channel_0/ar_cmd_fsm_0/state_reg[0]/C
                               ps/system_i/xadc/inst/INTR_CTRLR_GEN_I.INTERRUPT_CONTROL_I/GEN_IP_IRPT_STATUS_REG[2].GEN_REG_STATUS.ip_irpt_status_reg_reg[2]/D
                                                              0.471         
ps/system_i/xadc/inst/AXI_LITE_IPIF_I/I_SLAVE_ATTACHMENT/INCLUDE_DPHASE_TIMER.dpto_cnt_reg[6]/C
                               ps/system_i/axi_protocol_converter_0/inst/gen_axilite.gen_b2s_conv.axilite_b2s/WR.aw_channel_0/cmd_translator_0/incr_cmd_0/axaddr_incr_reg[8]/D
                                                              0.474         
ps/system_i/axi_protocol_converter_0/inst/gen_axilite.gen_b2s_conv.axilite_b2s/SI_REG/ar.ar_pipe/m_payload_i_reg[7]/C
                               ps/system_i/xadc/inst/AXI_LITE_IPIF_I/I_SLAVE_ATTACHMENT/I_DECODER/GEN_BKEND_CE_REGISTERS[21].ce_out_i_reg[21]/D
                                                              0.475         
pwm_rstn_reg/C                 pwm[2]/pwm_o_reg/R             0.477         
ps/system_i/axi_protocol_converter_0/inst/gen_axilite.gen_b2s_conv.axilite_b2s/RD.r_channel_0/transaction_fifo_0/cnt_read_reg[2]_rep__0/C
                               ps/system_i/axi_protocol_converter_0/inst/gen_axilite.gen_b2s_conv.axilite_b2s/RD.r_channel_0/rd_data_fifo_0/cnt_read_reg[2]/D
                                                              0.479         
ps/system_i/axi_protocol_converter_0/inst/gen_axilite.gen_b2s_conv.axilite_b2s/RD.r_channel_0/transaction_fifo_0/cnt_read_reg[2]_rep__0/C
                               ps/system_i/axi_protocol_converter_0/inst/gen_axilite.gen_b2s_conv.axilite_b2s/RD.r_channel_0/rd_data_fifo_0/cnt_read_reg[4]_rep/D
                                                              0.487         
ps/system_i/axi_protocol_converter_0/inst/gen_axilite.gen_b2s_conv.axilite_b2s/RD.ar_channel_0/ar_cmd_fsm_0/state_reg[0]/C
                               ps/system_i/xadc/inst/INTR_CTRLR_GEN_I.INTERRUPT_CONTROL_I/GEN_IP_IRPT_STATUS_REG[0].GEN_REG_STATUS.ip_irpt_status_reg_reg[0]/D
                                                              0.487         
ps/system_i/axi_protocol_converter_0/inst/gen_axilite.gen_b2s_conv.axilite_b2s/RD.r_channel_0/transaction_fifo_0/cnt_read_reg[2]_rep__0/C
                               ps/system_i/axi_protocol_converter_0/inst/gen_axilite.gen_b2s_conv.axilite_b2s/RD.r_channel_0/transaction_fifo_0/cnt_read_reg[0]_rep__0/CE
                                                              0.489         
ps/system_i/axi_protocol_converter_0/inst/gen_axilite.gen_b2s_conv.axilite_b2s/RD.ar_channel_0/ar_cmd_fsm_0/state_reg[0]/C
                               ps/system_i/xadc/inst/INTR_CTRLR_GEN_I.INTERRUPT_CONTROL_I/ip_irpt_enable_reg_reg[9]/CE
                                                              0.489         
ps/system_i/axi_protocol_converter_0/inst/gen_axilite.gen_b2s_conv.axilite_b2s/RD.ar_channel_0/ar_cmd_fsm_0/state_reg[0]/C
                               ps/system_i/xadc/inst/INTR_CTRLR_GEN_I.INTERRUPT_CONTROL_I/ip_irpt_enable_reg_reg[10]/CE
                                                              0.491         
ps/system_i/axi_protocol_converter_0/inst/gen_axilite.gen_b2s_conv.axilite_b2s/RD.ar_channel_0/ar_cmd_fsm_0/state_reg[0]/C
                               ps/system_i/xadc/inst/INTR_CTRLR_GEN_I.INTERRUPT_CONTROL_I/ip_irpt_enable_reg_reg[13]/CE
                                                              0.491         
ps/system_i/axi_protocol_converter_0/inst/gen_axilite.gen_b2s_conv.axilite_b2s/RD.ar_channel_0/ar_cmd_fsm_0/state_reg[0]/C
                               ps/system_i/xadc/inst/INTR_CTRLR_GEN_I.INTERRUPT_CONTROL_I/ip_irpt_enable_reg_reg[14]/CE
                                                              0.491         
ps/system_i/axi_protocol_converter_0/inst/gen_axilite.gen_b2s_conv.axilite_b2s/RD.ar_channel_0/ar_cmd_fsm_0/state_reg[0]/C
                               ps/system_i/xadc/inst/INTR_CTRLR_GEN_I.INTERRUPT_CONTROL_I/ip_irpt_enable_reg_reg[1]/CE
                                                              0.491         
ps/system_i/axi_protocol_converter_0/inst/gen_axilite.gen_b2s_conv.axilite_b2s/RD.ar_channel_0/ar_cmd_fsm_0/state_reg[0]/C
                               ps/system_i/xadc/inst/INTR_CTRLR_GEN_I.INTERRUPT_CONTROL_I/ip_irpt_enable_reg_reg[2]/CE
                                                              0.491         
ps/system_i/axi_protocol_converter_0/inst/gen_axilite.gen_b2s_conv.axilite_b2s/RD.ar_channel_0/ar_cmd_fsm_0/state_reg[0]/C
                               ps/system_i/xadc/inst/INTR_CTRLR_GEN_I.INTERRUPT_CONTROL_I/ip_irpt_enable_reg_reg[3]/CE
                                                              0.491         
ps/system_i/axi_protocol_converter_0/inst/gen_axilite.gen_b2s_conv.axilite_b2s/RD.ar_channel_0/ar_cmd_fsm_0/state_reg[0]/C
                               ps/system_i/xadc/inst/INTR_CTRLR_GEN_I.INTERRUPT_CONTROL_I/ip_irpt_enable_reg_reg[4]/CE
                                                              0.491         
ps/system_i/axi_protocol_converter_0/inst/gen_axilite.gen_b2s_conv.axilite_b2s/RD.ar_channel_0/ar_cmd_fsm_0/state_reg[0]/C
                               ps/system_i/xadc/inst/INTR_CTRLR_GEN_I.INTERRUPT_CONTROL_I/ip_irpt_enable_reg_reg[8]/CE
                                                              0.491         
ps/system_i/axi_protocol_converter_0/inst/gen_axilite.gen_b2s_conv.axilite_b2s/SI_REG/ar.ar_pipe/m_payload_i_reg[7]/C
                               ps/system_i/xadc/inst/AXI_LITE_IPIF_I/I_SLAVE_ATTACHMENT/I_DECODER/GEN_BKEND_CE_REGISTERS[15].ce_out_i_reg[15]/D
                                                              0.492         
pwm[1]/vcnt_reg[6]/C           pwm[1]/v_reg[0]/CE             0.493         
pwm[1]/vcnt_reg[6]/C           pwm[1]/v_reg[1]/CE             0.493         
pwm[1]/vcnt_reg[6]/C           pwm[1]/v_reg[6]/CE             0.493         
pwm[1]/vcnt_reg[6]/C           pwm[1]/v_reg[7]/CE             0.493         
ps/system_i/xadc/inst/AXI_LITE_IPIF_I/I_SLAVE_ATTACHMENT/INCLUDE_DPHASE_TIMER.dpto_cnt_reg[6]/C
                               ps/system_i/axi_protocol_converter_0/inst/gen_axilite.gen_b2s_conv.axilite_b2s/RD.ar_channel_0/cmd_translator_0/incr_cmd_0/axaddr_incr_reg[9]/CE
                                                              0.497         
pwm[2]/vcnt_reg[2]/C           pwm[2]/v_reg[2]/CE             0.498         
pwm[2]/vcnt_reg[2]/C           pwm[2]/v_reg[5]/CE             0.498         
pwm[2]/vcnt_reg[2]/C           pwm[2]/v_reg[6]/CE             0.498         
pwm[2]/vcnt_reg[2]/C           pwm[2]/v_reg[7]/CE             0.498         
ps/system_i/processing_system7/inst/PS7_i/MAXIGP1ACLK
                               ps/system_i/xadc/inst/INTR_CTRLR_GEN_I.ip2bus_wrack_reg/D
                                                              0.499         
pwm[1]/vcnt_reg[6]/C           pwm[1]/v_reg[5]/CE             0.577         
pwm_rstn_reg/C                 pwm[0]/pwm_o_reg/R             0.579         
i_ams/dac_b_o_reg[12]/C        pwm[1]/b_reg[12]/D             0.651         
dac_rst_reg/C                  oddr_dac_dat[7]/R              0.656         
dac_rst_reg/C                  oddr_dac_dat[13]/R             0.656         
dac_rst_reg/C                  oddr_dac_dat[12]/R             0.658         
dac_rst_reg/C                  oddr_dac_dat[6]/R              0.661         
i_ams/dac_a_o_reg[14]/C        pwm[0]/b_reg[14]/D             0.667         
pwm[1]/vcnt_reg[3]/C           pwm[1]/b_reg[10]/CE            0.671         
pwm[1]/vcnt_reg[3]/C           pwm[1]/b_reg[1]/CE             0.671         
pwm[1]/vcnt_reg[3]/C           pwm[1]/b_reg[2]/CE             0.671         
pwm[1]/vcnt_reg[3]/C           pwm[1]/b_reg[3]/CE             0.671         
pwm_rstn_reg/C                 pwm[3]/pwm_o_reg/R             0.683         
pwm[0]/vcnt_reg[2]/C           pwm[0]/bcnt_reg[0]/CE          0.691         
pwm[0]/vcnt_reg[2]/C           pwm[0]/bcnt_reg[1]/CE          0.691         
pwm[0]/vcnt_reg[2]/C           pwm[0]/bcnt_reg[2]/CE          0.691         
pwm[0]/vcnt_reg[2]/C           pwm[0]/bcnt_reg[3]/CE          0.691         
dac_rst_reg/C                  oddr_dac_dat[5]/R              0.697         
dac_rst_reg/C                  oddr_dac_dat[4]/R              0.698         
dac_dat_a_reg[0]/C             oddr_dac_dat[0]/D2             0.709         
dac_rst_reg/C                  oddr_dac_dat[0]/R              0.718         
pwm[1]/vcnt_reg[3]/C           pwm[1]/b_reg[11]/CE            0.739         
pwm[1]/vcnt_reg[3]/C           pwm[1]/b_reg[12]/CE            0.739         
pwm[1]/vcnt_reg[3]/C           pwm[1]/b_reg[7]/CE             0.739         
pwm[1]/vcnt_reg[3]/C           pwm[1]/b_reg[8]/CE             0.739         
dac_dat_a_reg[12]/C            oddr_dac_dat[12]/D2            0.748         
pwm[1]/vcnt_reg[3]/C           pwm[1]/b_reg[4]/CE             0.769         
pwm[1]/vcnt_reg[3]/C           pwm[1]/b_reg[5]/CE             0.769         
pwm[1]/vcnt_reg[3]/C           pwm[1]/b_reg[6]/CE             0.769         
pwm[1]/vcnt_reg[3]/C           pwm[1]/b_reg[9]/CE             0.769         
pwm[3]/vcnt_reg[4]/C           pwm[3]/bcnt_reg[0]/CE          0.773         
pwm[3]/vcnt_reg[4]/C           pwm[3]/bcnt_reg[1]/CE          0.773         
pwm[3]/vcnt_reg[4]/C           pwm[3]/bcnt_reg[2]/CE          0.773         
pwm[3]/vcnt_reg[4]/C           pwm[3]/bcnt_reg[3]/CE          0.773         
pwm_rstn_reg/C                 pwm[0]/vcnt_reg[4]/CE          0.784         
pwm_rstn_reg/C                 pwm[0]/b_reg[10]/CE            0.788         
pwm_rstn_reg/C                 pwm[0]/b_reg[11]/CE            0.788         
pwm_rstn_reg/C                 pwm[0]/b_reg[8]/CE             0.788         
pwm_rstn_reg/C                 pwm[0]/b_reg[9]/CE             0.788         
dac_rst_reg/C                  oddr_dac_dat[8]/R              0.795         
i_reg[1]_rep__0/C              m_avg_sum_reg[17]/D            0.797         
dac_dat_a_reg[13]/C            oddr_dac_dat[13]/D2            0.801         
i_reg[1]_rep__0/C              m_avg_sum_reg[19]/D            0.805         
dac_dat_a_reg[1]/C             oddr_dac_dat[1]/D2             0.837         
pwm_rstn_reg/C                 pwm[0]/b_reg[12]/CE            0.837         
pwm_rstn_reg/C                 pwm[0]/b_reg[1]/CE             0.837         
pwm_rstn_reg/C                 pwm[0]/b_reg[2]/CE             0.837         
pwm_rstn_reg/C                 pwm[0]/b_reg[7]/CE             0.837         
dac_rst_reg/C                  oddr_dac_dat[10]/R             0.839         
pwm_rstn_reg/C                 pwm[1]/vcnt_reg[0]/R           0.856         
pwm_rstn_reg/C                 pwm[1]/vcnt_reg[5]/R           0.856         
dac_rst_reg/C                  oddr_dac_dat[1]/R              0.856         
pwm[1]/vcnt_reg[3]/C           pwm[1]/bcnt_reg[0]/CE          0.859         
pwm[1]/vcnt_reg[3]/C           pwm[1]/bcnt_reg[1]/CE          0.859         
pwm[1]/vcnt_reg[3]/C           pwm[1]/bcnt_reg[2]/CE          0.859         
pwm[1]/vcnt_reg[3]/C           pwm[1]/bcnt_reg[3]/CE          0.859         
pwm_rstn_reg/C                 pwm[0]/vcnt_reg[1]/CE          0.864         
dac_rst_reg/C                  oddr_dac_dat[2]/R              0.881         
i_reg[1]_rep__0/C              m_avg_sum_reg[18]/D            0.881         
pwm_rstn_reg/C                 pwm[0]/vcnt_reg[7]/CE          0.896         
pwm[3]/vcnt_reg[4]/C           pwm[3]/b_reg[12]/CE            0.899         
pwm[3]/vcnt_reg[4]/C           pwm[3]/b_reg[6]/CE             0.899         
pwm[3]/vcnt_reg[4]/C           pwm[3]/b_reg[7]/CE             0.899         
i_reg[1]_rep__0/C              m_avg_sum_reg[16]/D            0.901         
pwm_rstn_reg/C                 pwm[0]/b_reg[0]/CE             0.902         
pwm_rstn_reg/C                 pwm[0]/b_reg[13]/CE            0.902         
pwm_rstn_reg/C                 pwm[0]/b_reg[14]/CE            0.902         
pwm_rstn_reg/C                 pwm[0]/b_reg[15]/CE            0.902         
i_ams/dac_b_o_reg[10]/C        pwm[1]/b_reg[10]/D             0.911         
pwm_rstn_reg/C                 pwm[0]/vcnt_reg[4]/R           0.913         
i_reg[1]_rep__0/C              m_avg_sum_reg[13]/D            0.915         
pwm_rstn_reg/C                 pwm[0]/vcnt_reg[5]/R           0.917         
i_reg[1]_rep__0/C              m_avg_sum_reg[15]/D            0.923         
i_ams/dac_a_o_reg[7]/C         pwm[0]/b_reg[7]/D              0.935         
pwm[1]/vcnt_reg[3]/C           pwm[1]/b_reg[0]/CE             0.938         
pwm[1]/vcnt_reg[3]/C           pwm[1]/b_reg[13]/CE            0.938         
pwm[1]/vcnt_reg[3]/C           pwm[1]/b_reg[14]/CE            0.938         
pwm[1]/vcnt_reg[3]/C           pwm[1]/b_reg[15]/CE            0.938         
pwm[0]/vcnt_reg[2]/C           pwm[0]/vcnt_reg[6]/D           0.940         
dac_dat_a_reg[2]/C             oddr_dac_dat[2]/D2             0.941         
dac_rst_reg/C                  oddr_dac_dat[9]/R              0.944         
pwm[3]/vcnt_reg[4]/C           pwm[3]/b_reg[2]/CE             0.946         
pwm[3]/vcnt_reg[4]/C           pwm[3]/b_reg[3]/CE             0.946         
pwm[3]/vcnt_reg[4]/C           pwm[3]/b_reg[4]/CE             0.946         
pwm[3]/vcnt_reg[4]/C           pwm[3]/b_reg[5]/CE             0.946         
pwm[3]/vcnt_reg[4]/C           pwm[3]/b_reg[10]/CE            0.953         
dac_rst_reg/C                  oddr_dac_dat[11]/R             0.979         
i_reg[1]_rep__0/C              m_avg_sum_reg[14]/D            0.999         
i_reg[1]_rep__0/C              m_avg_sum_reg[12]/D            1.019         
dac_rst_reg/C                  oddr_dac_dat[3]/R              1.020         
dac_dat_a_reg[4]/C             oddr_dac_dat[4]/D2             1.028         
i_reg[1]_rep__0/C              m_avg_sum_reg[9]/D             1.032         
dac_dat_a_reg[5]/C             oddr_dac_dat[5]/D2             1.036         
i_reg[1]_rep__0/C              m_avg_sum_reg[11]/D            1.040         
i_asg/ch[0]/dac_o_reg[4]/C     m_avg_reg[37][6]/D             1.087         
i_asg/ch[0]/dac_o_reg[4]/C     m_avg_reg[35][12]/D            1.088         
dac_dat_a_reg[3]/C             oddr_dac_dat[3]/D2             1.111         
i_reg[1]_rep__0/C              m_avg_sum_reg[10]/D            1.116         
i_asg/ch[0]/dac_o_reg[4]/C     m_avg_reg[35][6]/D             1.119         
i_asg/ch[0]/dac_o_reg[4]/C     m_avg_reg[45][7]/D             1.123         
i_asg/ch[0]/dac_o_reg[4]/C     m_avg_reg[36][5]/D             1.136         
i_reg[1]_rep__0/C              m_avg_sum_reg[8]/D             1.136         
i_asg/ch[0]/dac_o_reg[4]/C     m_avg_reg[36][4]/D             1.138         
i_asg/ch[0]/dac_o_reg[4]/C     m_avg_reg[13][6]/D             1.174         
i_asg/ch[0]/dac_o_reg[4]/C     m_avg_reg[5][4]/D              1.210         
i_asg/ch[0]/dac_o_reg[4]/C     m_avg_reg[40][7]/D             1.238         
i_reg[1]_rep__0/C              m_avg_sum_reg[7]/D             1.260         
i_asg/ch[0]/dac_o_reg[4]/C     m_avg_sum_reg[5]/D             1.263         
dac_rst_reg/C                  oddr_dac_sel/R                 1.275         
i_asg/ch[0]/dac_o_reg[4]/C     m_avg_reg[41][5]/D             1.300         
i_asg/ch[0]/dac_o_reg[4]/C     m_avg_reg[41][0]/D             1.302         
i_asg/ch[0]/dac_o_reg[4]/C     m_avg_reg[35][10]/D            1.309         
i_asg/ch[0]/dac_o_reg[4]/C     m_avg_reg[3][6]/D              1.314         
i_asg/ch[0]/dac_o_reg[4]/C     m_avg_reg[4][10]/D             1.318         
i_asg/ch[0]/dac_o_reg[4]/C     m_avg_reg[41][7]/D             1.319         
i_reg[1]_rep__0/C              m_avg_sum_reg[6]/D             1.324         
i_asg/ch[0]/dac_o_reg[4]/C     m_avg_reg[14][0]/D             1.327         
i_asg/ch[0]/dac_o_reg[4]/C     m_avg_reg[0][10]/D             1.340         
i_asg/ch[0]/dac_o_reg[4]/C     m_avg_reg[0][12]/D             1.346         
i_asg/ch[0]/dac_o_reg[4]/C     m_avg_reg[45][5]/D             1.349         
i_asg/ch[0]/dac_o_reg[4]/C     m_avg_sum_reg[4]/D             1.367         
i_asg/ch[0]/dac_o_reg[4]/C     m_avg_reg[42][1]/D             1.369         
i_asg/ch[0]/dac_o_reg[4]/C     m_avg_reg[43][11]/D            1.386         
adc_rstn_reg/C                 m_avg_reg[8][12]/S             1.389         
adc_rstn_reg/C                 m_avg_reg[8][13]/S             1.389         
adc_rstn_reg/C                 m_avg_reg[8][6]/S              1.389         
dac_dat_a_reg[10]/C            oddr_dac_dat[10]/D2            1.390         
i_reg[18]/C                    m_avg_reg[58][2]/S             1.391         
adc_rstn_reg/C                 m_avg_reg[10][7]/S             1.402         
adc_rstn_reg/C                 m_avg_reg[10][9]/S             1.402         
i_asg/ch[0]/dac_o_reg[4]/C     m_avg_reg[34][5]/D             1.405         
i_asg/ch[0]/dac_o_reg[4]/C     m_avg_reg[32][10]/D            1.417         
i_asg/ch[0]/dac_o_reg[4]/C     m_avg_reg[3][13]/D             1.418         
i_asg/ch[0]/dac_o_reg[4]/C     m_avg_reg[33][6]/D             1.430         
i_asg/ch[0]/dac_o_reg[4]/C     m_avg_reg[36][0]/D             1.438         
i_asg/ch[0]/dac_o_reg[4]/C     m_avg_reg[5][10]/D             1.441         
i_asg/ch[0]/dac_o_reg[4]/C     m_avg_reg[34][7]/D             1.442         
dac_dat_a_reg[7]/C             oddr_dac_dat[7]/D2             1.443         
adc_rstn_reg/C                 m_avg_reg[46][11]/S            1.445         
adc_rstn_reg/C                 m_avg_reg[46][1]/S             1.445         
adc_rstn_reg/C                 m_avg_reg[46][4]/S             1.445         
i_asg/ch[0]/dac_o_reg[4]/C     m_avg_reg[13][12]/D            1.447         
i_asg/ch[0]/dac_o_reg[4]/C     m_avg_reg[37][11]/D            1.448         
i_asg/ch[0]/dac_o_reg[4]/C     m_avg_reg[0][13]/D             1.455         
i_asg/ch[0]/dac_o_reg[4]/C     m_avg_reg[37][4]/D             1.455         
dac_dat_a_reg[8]/C             oddr_dac_dat[8]/D2             1.455         
i_reg[22]/C                    m_avg_reg[4][10]/S             1.457         
i_reg[22]/C                    m_avg_reg[4][13]/S             1.457         
i_reg[22]/C                    m_avg_reg[4][6]/S              1.457         
i_asg/ch[0]/dac_o_reg[4]/C     m_avg_reg[14][12]/D            1.458         
i_asg/ch[0]/dac_o_reg[4]/C     m_avg_reg[4][6]/D              1.460         
i_asg/ch[0]/dac_o_reg[4]/C     m_avg_reg[39][1]/D             1.466         
i_asg/ch[0]/dac_o_reg[4]/C     m_avg_reg[12][0]/D             1.466         
i_asg/ch[0]/dac_o_reg[4]/C     m_avg_reg[7][13]/D             1.469         
i_asg/ch[0]/dac_o_reg[4]/C     m_avg_reg[38][11]/D            1.472         
i_asg/ch[0]/dac_o_reg[4]/C     m_avg_reg[14][10]/D            1.472         
i_asg/ch[0]/dac_o_reg[4]/C     m_avg_reg[33][8]/D             1.473         
i_asg/ch[0]/dac_o_reg[4]/C     m_avg_reg[1][8]/D              1.475         
i_asg/ch[0]/dac_o_reg[4]/C     m_avg_reg[38][10]/D            1.476         
i_asg/ch[0]/dac_o_reg[4]/C     m_avg_reg[33][5]/D             1.478         
i_asg/ch[0]/dac_o_reg[4]/C     m_avg_reg[12][12]/D            1.481         
i_asg/ch[0]/dac_o_reg[4]/C     m_avg_reg[36][13]/D            1.484         
i_asg/ch[0]/dac_o_reg[4]/C     m_avg_reg[43][12]/D            1.485         



